 Error Stamp: [313239373934303939322e3134] 
 Error Level: [ERROR] 
 Remote Host: [en.guimpo.com] 
 Remote URI: [/categoria_list.php] 
 Request Method: [GET] 
 GET Variables: [pag=1] 
 Timestamp: [17/02/2011 12:09:52] 
 IP user: [127.0.0.1] 
 Error Message: [UNDEFINED (list_of) IN THE FILE (/Applications/MAMP/htdocs/GuimpoPHP/generic/lng_en/defines.php.lng).] 
=+=+=+=+=+=+=+=+=+=+=+=+=+=+=+=+=+=+=+=+=+=+=+=+=
 Error Stamp: [313239373934303939322e3134] 
 Error Level: [ERROR] 
 Remote Host: [en.guimpo.com] 
 Remote URI: [/categoria_list.php] 
 Request Method: [GET] 
 GET Variables: [pag=1] 
 Timestamp: [17/02/2011 12:09:52] 
 IP user: [127.0.0.1] 
 Error Message: [UNDEFINED (no_items) IN THE FILE (/Applications/MAMP/htdocs/GuimpoPHP/generic/lng_en/defines.php.lng).] 
=+=+=+=+=+=+=+=+=+=+=+=+=+=+=+=+=+=+=+=+=+=+=+=+=
 Error Stamp: [313239373934303939322e3134] 
 Error Level: [ERROR] 
 Remote Host: [en.guimpo.com] 
 Remote URI: [/categoria_list.php] 
 Request Method: [GET] 
 GET Variables: [pag=1] 
 Timestamp: [17/02/2011 12:09:52] 
 IP user: [127.0.0.1] 
 Error Message: [UNDEFINED (new_item) IN THE FILE (/Applications/MAMP/htdocs/GuimpoPHP/generic/lng_en/defines.php.lng).] 
=+=+=+=+=+=+=+=+=+=+=+=+=+=+=+=+=+=+=+=+=+=+=+=+=
