 Error Stamp: [313239363437393633302e3634] 
 Error Level: [ERROR] 
 Remote Host: [ca.guimpo.com] 
 Remote URI: [/categoria.php] 
 Request Method: [GET] 
 GET Variables: [stripped=catala] 
 Timestamp: [31/01/2011 14:13:50] 
 IP user: [127.0.0.1] 
 Error Message: [UNDEFINED (return) IN THE FILE (/Applications/MAMP/htdocs/GuimpoPHP/generic/lng_ca/defines.php.lng).] 
=+=+=+=+=+=+=+=+=+=+=+=+=+=+=+=+=+=+=+=+=+=+=+=+=
 Error Stamp: [313239363437393633322e3638] 
 Error Level: [ERROR] 
 Remote Host: [en.guimpo.com] 
 Remote URI: [/categoria.php] 
 Request Method: [GET] 
 GET Variables: [stripped=englishmen] 
 Timestamp: [31/01/2011 14:13:52] 
 IP user: [127.0.0.1] 
 Error Message: [UNDEFINED (return) IN THE FILE (/Applications/MAMP/htdocs/GuimpoPHP/generic/lng_en/defines.php.lng).] 
=+=+=+=+=+=+=+=+=+=+=+=+=+=+=+=+=+=+=+=+=+=+=+=+=
 Error Stamp: [313239363437393633352e39] 
 Error Level: [ERROR] 
 Remote Host: [ca.guimpo.com] 
 Remote URI: [/categoria.php] 
 Request Method: [GET] 
 GET Variables: [stripped=catala] 
 Timestamp: [31/01/2011 14:13:55] 
 IP user: [127.0.0.1] 
 Error Message: [UNDEFINED (return) IN THE FILE (/Applications/MAMP/htdocs/GuimpoPHP/generic/lng_ca/defines.php.lng).] 
=+=+=+=+=+=+=+=+=+=+=+=+=+=+=+=+=+=+=+=+=+=+=+=+=
 Error Stamp: [313239363437393633362e3831] 
 Error Level: [ERROR] 
 Remote Host: [en.guimpo.com] 
 Remote URI: [/categoria.php] 
 Request Method: [GET] 
 GET Variables: [stripped=englishmen] 
 Timestamp: [31/01/2011 14:13:56] 
 IP user: [127.0.0.1] 
 Error Message: [UNDEFINED (return) IN THE FILE (/Applications/MAMP/htdocs/GuimpoPHP/generic/lng_en/defines.php.lng).] 
=+=+=+=+=+=+=+=+=+=+=+=+=+=+=+=+=+=+=+=+=+=+=+=+=
 Error Stamp: [313239363437393634312e37] 
 Error Level: [ERROR] 
 Remote Host: [ca.guimpo.com] 
 Remote URI: [/categoria.php] 
 Request Method: [GET] 
 GET Variables: [stripped=catala] 
 Timestamp: [31/01/2011 14:14:01] 
 IP user: [127.0.0.1] 
 Error Message: [UNDEFINED (return) IN THE FILE (/Applications/MAMP/htdocs/GuimpoPHP/generic/lng_ca/defines.php.lng).] 
=+=+=+=+=+=+=+=+=+=+=+=+=+=+=+=+=+=+=+=+=+=+=+=+=
 Error Stamp: [313239363437393634352e3633] 
 Error Level: [ERROR] 
 Remote Host: [ca.guimpo.com] 
 Remote URI: [/categoria.php] 
 Request Method: [GET] 
 GET Variables: [stripped=catala] 
 Timestamp: [31/01/2011 14:14:05] 
 IP user: [127.0.0.1] 
 Error Message: [UNDEFINED (return) IN THE FILE (/Applications/MAMP/htdocs/GuimpoPHP/generic/lng_ca/defines.php.lng).] 
=+=+=+=+=+=+=+=+=+=+=+=+=+=+=+=+=+=+=+=+=+=+=+=+=
 Error Stamp: [313239363438343230342e3338] 
 Error Level: [ERROR] 
 Remote Host: [ca.guimpo.com] 
 Remote URI: [/categoria_list.php] 
 Request Method: [GET] 
 GET Variables: [pag=1] 
 Timestamp: [31/01/2011 15:30:04] 
 IP user: [127.0.0.1] 
 Error Message: [UNDEFINED (list_of) IN THE FILE (/Applications/MAMP/htdocs/GuimpoPHP/generic/lng_ca/defines.php.lng).] 
=+=+=+=+=+=+=+=+=+=+=+=+=+=+=+=+=+=+=+=+=+=+=+=+=
 Error Stamp: [313239363438343230342e3338] 
 Error Level: [ERROR] 
 Remote Host: [ca.guimpo.com] 
 Remote URI: [/categoria_list.php] 
 Request Method: [GET] 
 GET Variables: [pag=1] 
 Timestamp: [31/01/2011 15:30:04] 
 IP user: [127.0.0.1] 
 Error Message: [UNDEFINED (options) IN THE FILE (/Applications/MAMP/htdocs/GuimpoPHP/generic/lng_ca/defines.php.lng).] 
=+=+=+=+=+=+=+=+=+=+=+=+=+=+=+=+=+=+=+=+=+=+=+=+=
 Error Stamp: [313239363438343230342e3338] 
 Error Level: [ERROR] 
 Remote Host: [ca.guimpo.com] 
 Remote URI: [/categoria_list.php] 
 Request Method: [GET] 
 GET Variables: [pag=1] 
 Timestamp: [31/01/2011 15:30:04] 
 IP user: [127.0.0.1] 
 Error Message: [UNDEFINED (view) IN THE FILE (/Applications/MAMP/htdocs/GuimpoPHP/generic/lng_ca/defines.php.lng).] 
=+=+=+=+=+=+=+=+=+=+=+=+=+=+=+=+=+=+=+=+=+=+=+=+=
 Error Stamp: [313239363438343230342e3338] 
 Error Level: [ERROR] 
 Remote Host: [ca.guimpo.com] 
 Remote URI: [/categoria_list.php] 
 Request Method: [GET] 
 GET Variables: [pag=1] 
 Timestamp: [31/01/2011 15:30:04] 
 IP user: [127.0.0.1] 
 Error Message: [UNDEFINED (edit) IN THE FILE (/Applications/MAMP/htdocs/GuimpoPHP/generic/lng_ca/defines.php.lng).] 
=+=+=+=+=+=+=+=+=+=+=+=+=+=+=+=+=+=+=+=+=+=+=+=+=
 Error Stamp: [313239363438343230342e3338] 
 Error Level: [ERROR] 
 Remote Host: [ca.guimpo.com] 
 Remote URI: [/categoria_list.php] 
 Request Method: [GET] 
 GET Variables: [pag=1] 
 Timestamp: [31/01/2011 15:30:04] 
 IP user: [127.0.0.1] 
 Error Message: [UNDEFINED (confirm_delete) IN THE FILE (/Applications/MAMP/htdocs/GuimpoPHP/generic/lng_ca/defines.php.lng).] 
=+=+=+=+=+=+=+=+=+=+=+=+=+=+=+=+=+=+=+=+=+=+=+=+=
 Error Stamp: [313239363438343230342e3338] 
 Error Level: [ERROR] 
 Remote Host: [ca.guimpo.com] 
 Remote URI: [/categoria_list.php] 
 Request Method: [GET] 
 GET Variables: [pag=1] 
 Timestamp: [31/01/2011 15:30:04] 
 IP user: [127.0.0.1] 
 Error Message: [UNDEFINED (delete) IN THE FILE (/Applications/MAMP/htdocs/GuimpoPHP/generic/lng_ca/defines.php.lng).] 
=+=+=+=+=+=+=+=+=+=+=+=+=+=+=+=+=+=+=+=+=+=+=+=+=
 Error Stamp: [313239363438343230342e3338] 
 Error Level: [ERROR] 
 Remote Host: [ca.guimpo.com] 
 Remote URI: [/categoria_list.php] 
 Request Method: [GET] 
 GET Variables: [pag=1] 
 Timestamp: [31/01/2011 15:30:04] 
 IP user: [127.0.0.1] 
 Error Message: [UNDEFINED (view) IN THE FILE (/Applications/MAMP/htdocs/GuimpoPHP/generic/lng_ca/defines.php.lng).] 
=+=+=+=+=+=+=+=+=+=+=+=+=+=+=+=+=+=+=+=+=+=+=+=+=
 Error Stamp: [313239363438343230342e3338] 
 Error Level: [ERROR] 
 Remote Host: [ca.guimpo.com] 
 Remote URI: [/categoria_list.php] 
 Request Method: [GET] 
 GET Variables: [pag=1] 
 Timestamp: [31/01/2011 15:30:04] 
 IP user: [127.0.0.1] 
 Error Message: [UNDEFINED (edit) IN THE FILE (/Applications/MAMP/htdocs/GuimpoPHP/generic/lng_ca/defines.php.lng).] 
=+=+=+=+=+=+=+=+=+=+=+=+=+=+=+=+=+=+=+=+=+=+=+=+=
 Error Stamp: [313239363438343230342e3338] 
 Error Level: [ERROR] 
 Remote Host: [ca.guimpo.com] 
 Remote URI: [/categoria_list.php] 
 Request Method: [GET] 
 GET Variables: [pag=1] 
 Timestamp: [31/01/2011 15:30:04] 
 IP user: [127.0.0.1] 
 Error Message: [UNDEFINED (confirm_delete) IN THE FILE (/Applications/MAMP/htdocs/GuimpoPHP/generic/lng_ca/defines.php.lng).] 
=+=+=+=+=+=+=+=+=+=+=+=+=+=+=+=+=+=+=+=+=+=+=+=+=
 Error Stamp: [313239363438343230342e3338] 
 Error Level: [ERROR] 
 Remote Host: [ca.guimpo.com] 
 Remote URI: [/categoria_list.php] 
 Request Method: [GET] 
 GET Variables: [pag=1] 
 Timestamp: [31/01/2011 15:30:04] 
 IP user: [127.0.0.1] 
 Error Message: [UNDEFINED (delete) IN THE FILE (/Applications/MAMP/htdocs/GuimpoPHP/generic/lng_ca/defines.php.lng).] 
=+=+=+=+=+=+=+=+=+=+=+=+=+=+=+=+=+=+=+=+=+=+=+=+=
 Error Stamp: [313239363438343230342e3338] 
 Error Level: [ERROR] 
 Remote Host: [ca.guimpo.com] 
 Remote URI: [/categoria_list.php] 
 Request Method: [GET] 
 GET Variables: [pag=1] 
 Timestamp: [31/01/2011 15:30:04] 
 IP user: [127.0.0.1] 
 Error Message: [UNDEFINED (new_item) IN THE FILE (/Applications/MAMP/htdocs/GuimpoPHP/generic/lng_ca/defines.php.lng).] 
=+=+=+=+=+=+=+=+=+=+=+=+=+=+=+=+=+=+=+=+=+=+=+=+=
 Error Stamp: [313239363438343230372e3037] 
 Error Level: [ERROR] 
 Remote Host: [en.guimpo.com] 
 Remote URI: [/categoria_list.php] 
 Request Method: [GET] 
 GET Variables: [pag=1] 
 Timestamp: [31/01/2011 15:30:07] 
 IP user: [127.0.0.1] 
 Error Message: [UNDEFINED (list_of) IN THE FILE (/Applications/MAMP/htdocs/GuimpoPHP/generic/lng_en/defines.php.lng).] 
=+=+=+=+=+=+=+=+=+=+=+=+=+=+=+=+=+=+=+=+=+=+=+=+=
 Error Stamp: [313239363438343230372e3037] 
 Error Level: [ERROR] 
 Remote Host: [en.guimpo.com] 
 Remote URI: [/categoria_list.php] 
 Request Method: [GET] 
 GET Variables: [pag=1] 
 Timestamp: [31/01/2011 15:30:07] 
 IP user: [127.0.0.1] 
 Error Message: [UNDEFINED (options) IN THE FILE (/Applications/MAMP/htdocs/GuimpoPHP/generic/lng_en/defines.php.lng).] 
=+=+=+=+=+=+=+=+=+=+=+=+=+=+=+=+=+=+=+=+=+=+=+=+=
 Error Stamp: [313239363438343230372e3037] 
 Error Level: [ERROR] 
 Remote Host: [en.guimpo.com] 
 Remote URI: [/categoria_list.php] 
 Request Method: [GET] 
 GET Variables: [pag=1] 
 Timestamp: [31/01/2011 15:30:07] 
 IP user: [127.0.0.1] 
 Error Message: [UNDEFINED (view) IN THE FILE (/Applications/MAMP/htdocs/GuimpoPHP/generic/lng_en/defines.php.lng).] 
=+=+=+=+=+=+=+=+=+=+=+=+=+=+=+=+=+=+=+=+=+=+=+=+=
 Error Stamp: [313239363438343230372e3037] 
 Error Level: [ERROR] 
 Remote Host: [en.guimpo.com] 
 Remote URI: [/categoria_list.php] 
 Request Method: [GET] 
 GET Variables: [pag=1] 
 Timestamp: [31/01/2011 15:30:07] 
 IP user: [127.0.0.1] 
 Error Message: [UNDEFINED (edit) IN THE FILE (/Applications/MAMP/htdocs/GuimpoPHP/generic/lng_en/defines.php.lng).] 
=+=+=+=+=+=+=+=+=+=+=+=+=+=+=+=+=+=+=+=+=+=+=+=+=
 Error Stamp: [313239363438343230372e3038] 
 Error Level: [ERROR] 
 Remote Host: [en.guimpo.com] 
 Remote URI: [/categoria_list.php] 
 Request Method: [GET] 
 GET Variables: [pag=1] 
 Timestamp: [31/01/2011 15:30:07] 
 IP user: [127.0.0.1] 
 Error Message: [UNDEFINED (confirm_delete) IN THE FILE (/Applications/MAMP/htdocs/GuimpoPHP/generic/lng_en/defines.php.lng).] 
=+=+=+=+=+=+=+=+=+=+=+=+=+=+=+=+=+=+=+=+=+=+=+=+=
 Error Stamp: [313239363438343230372e3038] 
 Error Level: [ERROR] 
 Remote Host: [en.guimpo.com] 
 Remote URI: [/categoria_list.php] 
 Request Method: [GET] 
 GET Variables: [pag=1] 
 Timestamp: [31/01/2011 15:30:07] 
 IP user: [127.0.0.1] 
 Error Message: [UNDEFINED (delete) IN THE FILE (/Applications/MAMP/htdocs/GuimpoPHP/generic/lng_en/defines.php.lng).] 
=+=+=+=+=+=+=+=+=+=+=+=+=+=+=+=+=+=+=+=+=+=+=+=+=
 Error Stamp: [313239363438343230372e3038] 
 Error Level: [ERROR] 
 Remote Host: [en.guimpo.com] 
 Remote URI: [/categoria_list.php] 
 Request Method: [GET] 
 GET Variables: [pag=1] 
 Timestamp: [31/01/2011 15:30:07] 
 IP user: [127.0.0.1] 
 Error Message: [UNDEFINED (view) IN THE FILE (/Applications/MAMP/htdocs/GuimpoPHP/generic/lng_en/defines.php.lng).] 
=+=+=+=+=+=+=+=+=+=+=+=+=+=+=+=+=+=+=+=+=+=+=+=+=
 Error Stamp: [313239363438343230372e3038] 
 Error Level: [ERROR] 
 Remote Host: [en.guimpo.com] 
 Remote URI: [/categoria_list.php] 
 Request Method: [GET] 
 GET Variables: [pag=1] 
 Timestamp: [31/01/2011 15:30:07] 
 IP user: [127.0.0.1] 
 Error Message: [UNDEFINED (edit) IN THE FILE (/Applications/MAMP/htdocs/GuimpoPHP/generic/lng_en/defines.php.lng).] 
=+=+=+=+=+=+=+=+=+=+=+=+=+=+=+=+=+=+=+=+=+=+=+=+=
 Error Stamp: [313239363438343230372e3038] 
 Error Level: [ERROR] 
 Remote Host: [en.guimpo.com] 
 Remote URI: [/categoria_list.php] 
 Request Method: [GET] 
 GET Variables: [pag=1] 
 Timestamp: [31/01/2011 15:30:07] 
 IP user: [127.0.0.1] 
 Error Message: [UNDEFINED (confirm_delete) IN THE FILE (/Applications/MAMP/htdocs/GuimpoPHP/generic/lng_en/defines.php.lng).] 
=+=+=+=+=+=+=+=+=+=+=+=+=+=+=+=+=+=+=+=+=+=+=+=+=
 Error Stamp: [313239363438343230372e3038] 
 Error Level: [ERROR] 
 Remote Host: [en.guimpo.com] 
 Remote URI: [/categoria_list.php] 
 Request Method: [GET] 
 GET Variables: [pag=1] 
 Timestamp: [31/01/2011 15:30:07] 
 IP user: [127.0.0.1] 
 Error Message: [UNDEFINED (delete) IN THE FILE (/Applications/MAMP/htdocs/GuimpoPHP/generic/lng_en/defines.php.lng).] 
=+=+=+=+=+=+=+=+=+=+=+=+=+=+=+=+=+=+=+=+=+=+=+=+=
 Error Stamp: [313239363438343230372e3038] 
 Error Level: [ERROR] 
 Remote Host: [en.guimpo.com] 
 Remote URI: [/categoria_list.php] 
 Request Method: [GET] 
 GET Variables: [pag=1] 
 Timestamp: [31/01/2011 15:30:07] 
 IP user: [127.0.0.1] 
 Error Message: [UNDEFINED (new_item) IN THE FILE (/Applications/MAMP/htdocs/GuimpoPHP/generic/lng_en/defines.php.lng).] 
=+=+=+=+=+=+=+=+=+=+=+=+=+=+=+=+=+=+=+=+=+=+=+=+=
 Error Stamp: [313239363438343231302e3133] 
 Error Level: [ERROR] 
 Remote Host: [ca.guimpo.com] 
 Remote URI: [/categoria_list.php] 
 Request Method: [GET] 
 GET Variables: [pag=1] 
 Timestamp: [31/01/2011 15:30:10] 
 IP user: [127.0.0.1] 
 Error Message: [UNDEFINED (list_of) IN THE FILE (/Applications/MAMP/htdocs/GuimpoPHP/generic/lng_ca/defines.php.lng).] 
=+=+=+=+=+=+=+=+=+=+=+=+=+=+=+=+=+=+=+=+=+=+=+=+=
 Error Stamp: [313239363438343231302e3133] 
 Error Level: [ERROR] 
 Remote Host: [ca.guimpo.com] 
 Remote URI: [/categoria_list.php] 
 Request Method: [GET] 
 GET Variables: [pag=1] 
 Timestamp: [31/01/2011 15:30:10] 
 IP user: [127.0.0.1] 
 Error Message: [UNDEFINED (options) IN THE FILE (/Applications/MAMP/htdocs/GuimpoPHP/generic/lng_ca/defines.php.lng).] 
=+=+=+=+=+=+=+=+=+=+=+=+=+=+=+=+=+=+=+=+=+=+=+=+=
 Error Stamp: [313239363438343231302e3134] 
 Error Level: [ERROR] 
 Remote Host: [ca.guimpo.com] 
 Remote URI: [/categoria_list.php] 
 Request Method: [GET] 
 GET Variables: [pag=1] 
 Timestamp: [31/01/2011 15:30:10] 
 IP user: [127.0.0.1] 
 Error Message: [UNDEFINED (view) IN THE FILE (/Applications/MAMP/htdocs/GuimpoPHP/generic/lng_ca/defines.php.lng).] 
=+=+=+=+=+=+=+=+=+=+=+=+=+=+=+=+=+=+=+=+=+=+=+=+=
 Error Stamp: [313239363438343231302e3134] 
 Error Level: [ERROR] 
 Remote Host: [ca.guimpo.com] 
 Remote URI: [/categoria_list.php] 
 Request Method: [GET] 
 GET Variables: [pag=1] 
 Timestamp: [31/01/2011 15:30:10] 
 IP user: [127.0.0.1] 
 Error Message: [UNDEFINED (edit) IN THE FILE (/Applications/MAMP/htdocs/GuimpoPHP/generic/lng_ca/defines.php.lng).] 
=+=+=+=+=+=+=+=+=+=+=+=+=+=+=+=+=+=+=+=+=+=+=+=+=
 Error Stamp: [313239363438343231302e3134] 
 Error Level: [ERROR] 
 Remote Host: [ca.guimpo.com] 
 Remote URI: [/categoria_list.php] 
 Request Method: [GET] 
 GET Variables: [pag=1] 
 Timestamp: [31/01/2011 15:30:10] 
 IP user: [127.0.0.1] 
 Error Message: [UNDEFINED (confirm_delete) IN THE FILE (/Applications/MAMP/htdocs/GuimpoPHP/generic/lng_ca/defines.php.lng).] 
=+=+=+=+=+=+=+=+=+=+=+=+=+=+=+=+=+=+=+=+=+=+=+=+=
 Error Stamp: [313239363438343231302e3134] 
 Error Level: [ERROR] 
 Remote Host: [ca.guimpo.com] 
 Remote URI: [/categoria_list.php] 
 Request Method: [GET] 
 GET Variables: [pag=1] 
 Timestamp: [31/01/2011 15:30:10] 
 IP user: [127.0.0.1] 
 Error Message: [UNDEFINED (delete) IN THE FILE (/Applications/MAMP/htdocs/GuimpoPHP/generic/lng_ca/defines.php.lng).] 
=+=+=+=+=+=+=+=+=+=+=+=+=+=+=+=+=+=+=+=+=+=+=+=+=
 Error Stamp: [313239363438343231302e3134] 
 Error Level: [ERROR] 
 Remote Host: [ca.guimpo.com] 
 Remote URI: [/categoria_list.php] 
 Request Method: [GET] 
 GET Variables: [pag=1] 
 Timestamp: [31/01/2011 15:30:10] 
 IP user: [127.0.0.1] 
 Error Message: [UNDEFINED (view) IN THE FILE (/Applications/MAMP/htdocs/GuimpoPHP/generic/lng_ca/defines.php.lng).] 
=+=+=+=+=+=+=+=+=+=+=+=+=+=+=+=+=+=+=+=+=+=+=+=+=
 Error Stamp: [313239363438343231302e3134] 
 Error Level: [ERROR] 
 Remote Host: [ca.guimpo.com] 
 Remote URI: [/categoria_list.php] 
 Request Method: [GET] 
 GET Variables: [pag=1] 
 Timestamp: [31/01/2011 15:30:10] 
 IP user: [127.0.0.1] 
 Error Message: [UNDEFINED (edit) IN THE FILE (/Applications/MAMP/htdocs/GuimpoPHP/generic/lng_ca/defines.php.lng).] 
=+=+=+=+=+=+=+=+=+=+=+=+=+=+=+=+=+=+=+=+=+=+=+=+=
 Error Stamp: [313239363438343231302e3134] 
 Error Level: [ERROR] 
 Remote Host: [ca.guimpo.com] 
 Remote URI: [/categoria_list.php] 
 Request Method: [GET] 
 GET Variables: [pag=1] 
 Timestamp: [31/01/2011 15:30:10] 
 IP user: [127.0.0.1] 
 Error Message: [UNDEFINED (confirm_delete) IN THE FILE (/Applications/MAMP/htdocs/GuimpoPHP/generic/lng_ca/defines.php.lng).] 
=+=+=+=+=+=+=+=+=+=+=+=+=+=+=+=+=+=+=+=+=+=+=+=+=
 Error Stamp: [313239363438343231302e3134] 
 Error Level: [ERROR] 
 Remote Host: [ca.guimpo.com] 
 Remote URI: [/categoria_list.php] 
 Request Method: [GET] 
 GET Variables: [pag=1] 
 Timestamp: [31/01/2011 15:30:10] 
 IP user: [127.0.0.1] 
 Error Message: [UNDEFINED (delete) IN THE FILE (/Applications/MAMP/htdocs/GuimpoPHP/generic/lng_ca/defines.php.lng).] 
=+=+=+=+=+=+=+=+=+=+=+=+=+=+=+=+=+=+=+=+=+=+=+=+=
 Error Stamp: [313239363438343231302e3134] 
 Error Level: [ERROR] 
 Remote Host: [ca.guimpo.com] 
 Remote URI: [/categoria_list.php] 
 Request Method: [GET] 
 GET Variables: [pag=1] 
 Timestamp: [31/01/2011 15:30:10] 
 IP user: [127.0.0.1] 
 Error Message: [UNDEFINED (new_item) IN THE FILE (/Applications/MAMP/htdocs/GuimpoPHP/generic/lng_ca/defines.php.lng).] 
=+=+=+=+=+=+=+=+=+=+=+=+=+=+=+=+=+=+=+=+=+=+=+=+=
 Error Stamp: [313239363438343231312e3333] 
 Error Level: [ERROR] 
 Remote Host: [en.guimpo.com] 
 Remote URI: [/categoria_list.php] 
 Request Method: [GET] 
 GET Variables: [pag=1] 
 Timestamp: [31/01/2011 15:30:11] 
 IP user: [127.0.0.1] 
 Error Message: [UNDEFINED (list_of) IN THE FILE (/Applications/MAMP/htdocs/GuimpoPHP/generic/lng_en/defines.php.lng).] 
=+=+=+=+=+=+=+=+=+=+=+=+=+=+=+=+=+=+=+=+=+=+=+=+=
 Error Stamp: [313239363438343231312e3333] 
 Error Level: [ERROR] 
 Remote Host: [en.guimpo.com] 
 Remote URI: [/categoria_list.php] 
 Request Method: [GET] 
 GET Variables: [pag=1] 
 Timestamp: [31/01/2011 15:30:11] 
 IP user: [127.0.0.1] 
 Error Message: [UNDEFINED (options) IN THE FILE (/Applications/MAMP/htdocs/GuimpoPHP/generic/lng_en/defines.php.lng).] 
=+=+=+=+=+=+=+=+=+=+=+=+=+=+=+=+=+=+=+=+=+=+=+=+=
 Error Stamp: [313239363438343231312e3333] 
 Error Level: [ERROR] 
 Remote Host: [en.guimpo.com] 
 Remote URI: [/categoria_list.php] 
 Request Method: [GET] 
 GET Variables: [pag=1] 
 Timestamp: [31/01/2011 15:30:11] 
 IP user: [127.0.0.1] 
 Error Message: [UNDEFINED (view) IN THE FILE (/Applications/MAMP/htdocs/GuimpoPHP/generic/lng_en/defines.php.lng).] 
=+=+=+=+=+=+=+=+=+=+=+=+=+=+=+=+=+=+=+=+=+=+=+=+=
 Error Stamp: [313239363438343231312e3333] 
 Error Level: [ERROR] 
 Remote Host: [en.guimpo.com] 
 Remote URI: [/categoria_list.php] 
 Request Method: [GET] 
 GET Variables: [pag=1] 
 Timestamp: [31/01/2011 15:30:11] 
 IP user: [127.0.0.1] 
 Error Message: [UNDEFINED (edit) IN THE FILE (/Applications/MAMP/htdocs/GuimpoPHP/generic/lng_en/defines.php.lng).] 
=+=+=+=+=+=+=+=+=+=+=+=+=+=+=+=+=+=+=+=+=+=+=+=+=
 Error Stamp: [313239363438343231312e3333] 
 Error Level: [ERROR] 
 Remote Host: [en.guimpo.com] 
 Remote URI: [/categoria_list.php] 
 Request Method: [GET] 
 GET Variables: [pag=1] 
 Timestamp: [31/01/2011 15:30:11] 
 IP user: [127.0.0.1] 
 Error Message: [UNDEFINED (confirm_delete) IN THE FILE (/Applications/MAMP/htdocs/GuimpoPHP/generic/lng_en/defines.php.lng).] 
=+=+=+=+=+=+=+=+=+=+=+=+=+=+=+=+=+=+=+=+=+=+=+=+=
 Error Stamp: [313239363438343231312e3333] 
 Error Level: [ERROR] 
 Remote Host: [en.guimpo.com] 
 Remote URI: [/categoria_list.php] 
 Request Method: [GET] 
 GET Variables: [pag=1] 
 Timestamp: [31/01/2011 15:30:11] 
 IP user: [127.0.0.1] 
 Error Message: [UNDEFINED (delete) IN THE FILE (/Applications/MAMP/htdocs/GuimpoPHP/generic/lng_en/defines.php.lng).] 
=+=+=+=+=+=+=+=+=+=+=+=+=+=+=+=+=+=+=+=+=+=+=+=+=
 Error Stamp: [313239363438343231312e3333] 
 Error Level: [ERROR] 
 Remote Host: [en.guimpo.com] 
 Remote URI: [/categoria_list.php] 
 Request Method: [GET] 
 GET Variables: [pag=1] 
 Timestamp: [31/01/2011 15:30:11] 
 IP user: [127.0.0.1] 
 Error Message: [UNDEFINED (view) IN THE FILE (/Applications/MAMP/htdocs/GuimpoPHP/generic/lng_en/defines.php.lng).] 
=+=+=+=+=+=+=+=+=+=+=+=+=+=+=+=+=+=+=+=+=+=+=+=+=
 Error Stamp: [313239363438343231312e3333] 
 Error Level: [ERROR] 
 Remote Host: [en.guimpo.com] 
 Remote URI: [/categoria_list.php] 
 Request Method: [GET] 
 GET Variables: [pag=1] 
 Timestamp: [31/01/2011 15:30:11] 
 IP user: [127.0.0.1] 
 Error Message: [UNDEFINED (edit) IN THE FILE (/Applications/MAMP/htdocs/GuimpoPHP/generic/lng_en/defines.php.lng).] 
=+=+=+=+=+=+=+=+=+=+=+=+=+=+=+=+=+=+=+=+=+=+=+=+=
 Error Stamp: [313239363438343231312e3333] 
 Error Level: [ERROR] 
 Remote Host: [en.guimpo.com] 
 Remote URI: [/categoria_list.php] 
 Request Method: [GET] 
 GET Variables: [pag=1] 
 Timestamp: [31/01/2011 15:30:11] 
 IP user: [127.0.0.1] 
 Error Message: [UNDEFINED (confirm_delete) IN THE FILE (/Applications/MAMP/htdocs/GuimpoPHP/generic/lng_en/defines.php.lng).] 
=+=+=+=+=+=+=+=+=+=+=+=+=+=+=+=+=+=+=+=+=+=+=+=+=
 Error Stamp: [313239363438343231312e3333] 
 Error Level: [ERROR] 
 Remote Host: [en.guimpo.com] 
 Remote URI: [/categoria_list.php] 
 Request Method: [GET] 
 GET Variables: [pag=1] 
 Timestamp: [31/01/2011 15:30:11] 
 IP user: [127.0.0.1] 
 Error Message: [UNDEFINED (delete) IN THE FILE (/Applications/MAMP/htdocs/GuimpoPHP/generic/lng_en/defines.php.lng).] 
=+=+=+=+=+=+=+=+=+=+=+=+=+=+=+=+=+=+=+=+=+=+=+=+=
 Error Stamp: [313239363438343231312e3333] 
 Error Level: [ERROR] 
 Remote Host: [en.guimpo.com] 
 Remote URI: [/categoria_list.php] 
 Request Method: [GET] 
 GET Variables: [pag=1] 
 Timestamp: [31/01/2011 15:30:11] 
 IP user: [127.0.0.1] 
 Error Message: [UNDEFINED (new_item) IN THE FILE (/Applications/MAMP/htdocs/GuimpoPHP/generic/lng_en/defines.php.lng).] 
=+=+=+=+=+=+=+=+=+=+=+=+=+=+=+=+=+=+=+=+=+=+=+=+=
 Error Stamp: [313239363438343231372e3335] 
 Error Level: [ERROR] 
 Remote Host: [ca.guimpo.com] 
 Remote URI: [/categoria_list.php] 
 Request Method: [GET] 
 GET Variables: [pag=1] 
 Timestamp: [31/01/2011 15:30:17] 
 IP user: [127.0.0.1] 
 Error Message: [UNDEFINED (list_of) IN THE FILE (/Applications/MAMP/htdocs/GuimpoPHP/generic/lng_ca/defines.php.lng).] 
=+=+=+=+=+=+=+=+=+=+=+=+=+=+=+=+=+=+=+=+=+=+=+=+=
 Error Stamp: [313239363438343231372e3335] 
 Error Level: [ERROR] 
 Remote Host: [ca.guimpo.com] 
 Remote URI: [/categoria_list.php] 
 Request Method: [GET] 
 GET Variables: [pag=1] 
 Timestamp: [31/01/2011 15:30:17] 
 IP user: [127.0.0.1] 
 Error Message: [UNDEFINED (options) IN THE FILE (/Applications/MAMP/htdocs/GuimpoPHP/generic/lng_ca/defines.php.lng).] 
=+=+=+=+=+=+=+=+=+=+=+=+=+=+=+=+=+=+=+=+=+=+=+=+=
 Error Stamp: [313239363438343231372e3335] 
 Error Level: [ERROR] 
 Remote Host: [ca.guimpo.com] 
 Remote URI: [/categoria_list.php] 
 Request Method: [GET] 
 GET Variables: [pag=1] 
 Timestamp: [31/01/2011 15:30:17] 
 IP user: [127.0.0.1] 
 Error Message: [UNDEFINED (view) IN THE FILE (/Applications/MAMP/htdocs/GuimpoPHP/generic/lng_ca/defines.php.lng).] 
=+=+=+=+=+=+=+=+=+=+=+=+=+=+=+=+=+=+=+=+=+=+=+=+=
 Error Stamp: [313239363438343231372e3335] 
 Error Level: [ERROR] 
 Remote Host: [ca.guimpo.com] 
 Remote URI: [/categoria_list.php] 
 Request Method: [GET] 
 GET Variables: [pag=1] 
 Timestamp: [31/01/2011 15:30:17] 
 IP user: [127.0.0.1] 
 Error Message: [UNDEFINED (edit) IN THE FILE (/Applications/MAMP/htdocs/GuimpoPHP/generic/lng_ca/defines.php.lng).] 
=+=+=+=+=+=+=+=+=+=+=+=+=+=+=+=+=+=+=+=+=+=+=+=+=
 Error Stamp: [313239363438343231372e3335] 
 Error Level: [ERROR] 
 Remote Host: [ca.guimpo.com] 
 Remote URI: [/categoria_list.php] 
 Request Method: [GET] 
 GET Variables: [pag=1] 
 Timestamp: [31/01/2011 15:30:17] 
 IP user: [127.0.0.1] 
 Error Message: [UNDEFINED (confirm_delete) IN THE FILE (/Applications/MAMP/htdocs/GuimpoPHP/generic/lng_ca/defines.php.lng).] 
=+=+=+=+=+=+=+=+=+=+=+=+=+=+=+=+=+=+=+=+=+=+=+=+=
 Error Stamp: [313239363438343231372e3335] 
 Error Level: [ERROR] 
 Remote Host: [ca.guimpo.com] 
 Remote URI: [/categoria_list.php] 
 Request Method: [GET] 
 GET Variables: [pag=1] 
 Timestamp: [31/01/2011 15:30:17] 
 IP user: [127.0.0.1] 
 Error Message: [UNDEFINED (delete) IN THE FILE (/Applications/MAMP/htdocs/GuimpoPHP/generic/lng_ca/defines.php.lng).] 
=+=+=+=+=+=+=+=+=+=+=+=+=+=+=+=+=+=+=+=+=+=+=+=+=
 Error Stamp: [313239363438343231372e3335] 
 Error Level: [ERROR] 
 Remote Host: [ca.guimpo.com] 
 Remote URI: [/categoria_list.php] 
 Request Method: [GET] 
 GET Variables: [pag=1] 
 Timestamp: [31/01/2011 15:30:17] 
 IP user: [127.0.0.1] 
 Error Message: [UNDEFINED (view) IN THE FILE (/Applications/MAMP/htdocs/GuimpoPHP/generic/lng_ca/defines.php.lng).] 
=+=+=+=+=+=+=+=+=+=+=+=+=+=+=+=+=+=+=+=+=+=+=+=+=
 Error Stamp: [313239363438343231372e3335] 
 Error Level: [ERROR] 
 Remote Host: [ca.guimpo.com] 
 Remote URI: [/categoria_list.php] 
 Request Method: [GET] 
 GET Variables: [pag=1] 
 Timestamp: [31/01/2011 15:30:17] 
 IP user: [127.0.0.1] 
 Error Message: [UNDEFINED (edit) IN THE FILE (/Applications/MAMP/htdocs/GuimpoPHP/generic/lng_ca/defines.php.lng).] 
=+=+=+=+=+=+=+=+=+=+=+=+=+=+=+=+=+=+=+=+=+=+=+=+=
 Error Stamp: [313239363438343231372e3335] 
 Error Level: [ERROR] 
 Remote Host: [ca.guimpo.com] 
 Remote URI: [/categoria_list.php] 
 Request Method: [GET] 
 GET Variables: [pag=1] 
 Timestamp: [31/01/2011 15:30:17] 
 IP user: [127.0.0.1] 
 Error Message: [UNDEFINED (confirm_delete) IN THE FILE (/Applications/MAMP/htdocs/GuimpoPHP/generic/lng_ca/defines.php.lng).] 
=+=+=+=+=+=+=+=+=+=+=+=+=+=+=+=+=+=+=+=+=+=+=+=+=
 Error Stamp: [313239363438343231372e3335] 
 Error Level: [ERROR] 
 Remote Host: [ca.guimpo.com] 
 Remote URI: [/categoria_list.php] 
 Request Method: [GET] 
 GET Variables: [pag=1] 
 Timestamp: [31/01/2011 15:30:17] 
 IP user: [127.0.0.1] 
 Error Message: [UNDEFINED (delete) IN THE FILE (/Applications/MAMP/htdocs/GuimpoPHP/generic/lng_ca/defines.php.lng).] 
=+=+=+=+=+=+=+=+=+=+=+=+=+=+=+=+=+=+=+=+=+=+=+=+=
 Error Stamp: [313239363438343231372e3335] 
 Error Level: [ERROR] 
 Remote Host: [ca.guimpo.com] 
 Remote URI: [/categoria_list.php] 
 Request Method: [GET] 
 GET Variables: [pag=1] 
 Timestamp: [31/01/2011 15:30:17] 
 IP user: [127.0.0.1] 
 Error Message: [UNDEFINED (new_item) IN THE FILE (/Applications/MAMP/htdocs/GuimpoPHP/generic/lng_ca/defines.php.lng).] 
=+=+=+=+=+=+=+=+=+=+=+=+=+=+=+=+=+=+=+=+=+=+=+=+=
 Error Stamp: [313239363530343638302e31] 
 Error Level: [ERROR] 
 Remote Host: [www.guimpo.com] 
 Remote URI: [/admin/blog_create.php] 
 Request Method: [POST] 
 POST Variables: [cformblog_titulo_es=Primera noticia&cformblog_titulo_ca=primera noticia&cformblog_titulo_en=first blog&cformblog_descripcion_es=jf sdlfkj sdlñkfj sadklñfj adksñlfj asdñlfkj&cformblog_descripcion_ca=fjd lsñkfj alsñdfj sañldfjk adlsñ&cformblog_descripcion_en= dafjñljk adsñfj adlsñfk&cformblog_submit=Enviar] 
 Timestamp: [31/01/2011 21:11:20] 
 IP user: [127.0.0.1] 
 Error Message: [Error al ejecutar la consulta. CONSULTA: INSERT INTO blog (titulo_es, titulo_ca, titulo_en, descripcion_es, descripcion_ca, descripcion_en, image, stripped_es, stripped_ca, stripped_en) VALUES ('Primera noticia', 'primera noticia', 'first blog', 'jf sdlfkj sdl&ntilde;kfj sadkl&ntilde;fj adks&ntilde;lfj asd&ntilde;lfkj', 'fjd ls&ntilde;kfj als&ntilde;dfj sa&ntilde;ldfjk adls&ntilde;', ' dafj&ntilde;ljk ads&ntilde;fj adls&ntilde;fk', '', 'primera-noticia', 'primera-noticia', 'first-blog'). ERROR: Unknown column 'stripped_es' in 'field list'.] 
=+=+=+=+=+=+=+=+=+=+=+=+=+=+=+=+=+=+=+=+=+=+=+=+=
 Error Stamp: [313239363530343732362e3532] 
 Error Level: [ERROR] 
 Remote Host: [www.guimpo.com] 
 Remote URI: [/admin/blog_create.php] 
 Request Method: [POST] 
 POST Variables: [cformblog_titulo_es=jflsdf&cformblog_titulo_ca=ñljfdl&cformblog_titulo_en=kjfdñsljf&cformblog_descripcion_es=kjdlñfj adsfkl ñj&cformblog_descripcion_ca=jf sñldfj asñldfjsdlkfjl&cformblog_descripcion_en=jdfflasdkj fñkalsdf&cformblog_submit=Enviar] 
 Timestamp: [31/01/2011 21:12:06] 
 IP user: [127.0.0.1] 
 Error Message: [Error al ejecutar la consulta. CONSULTA: INSERT INTO blog (titulo_es, titulo_ca, titulo_en, descripcion_es, descripcion_ca, descripcion_en, image, stripped_es, stripped_ca, stripped_en) VALUES ('jflsdf', '&ntilde;ljfdl', 'kjfd&ntilde;sljf', 'kjdl&ntilde;fj adsfkl &ntilde;j', 'jf s&ntilde;ldfj as&ntilde;ldfjsdlkfjl', 'jdfflasdkj f&ntilde;kalsdf', 'blog/129650472648.jpg', 'jflsdf', 'nljfdl', 'kjfdnsljf'). ERROR: Unknown column 'stripped_es' in 'field list'.] 
=+=+=+=+=+=+=+=+=+=+=+=+=+=+=+=+=+=+=+=+=+=+=+=+=
 Error Stamp: [313239363530343930342e3133] 
 Error Level: [ERROR] 
 Remote Host: [ca.guimpo.com] 
 Remote URI: [/bloga_list.php] 
 Request Method: [GET] 
 GET Variables: [pag=1] 
 Timestamp: [31/01/2011 21:15:04] 
 IP user: [127.0.0.1] 
 Error Message: [UNDEFINED (list_of) IN THE FILE (/Applications/MAMP/htdocs/GuimpoPHP/generic/lng_ca/defines.php.lng).] 
=+=+=+=+=+=+=+=+=+=+=+=+=+=+=+=+=+=+=+=+=+=+=+=+=
 Error Stamp: [313239363530343930342e3133] 
 Error Level: [ERROR] 
 Remote Host: [ca.guimpo.com] 
 Remote URI: [/bloga_list.php] 
 Request Method: [GET] 
 GET Variables: [pag=1] 
 Timestamp: [31/01/2011 21:15:04] 
 IP user: [127.0.0.1] 
 Error Message: [UNDEFINED (options) IN THE FILE (/Applications/MAMP/htdocs/GuimpoPHP/generic/lng_ca/defines.php.lng).] 
=+=+=+=+=+=+=+=+=+=+=+=+=+=+=+=+=+=+=+=+=+=+=+=+=
 Error Stamp: [313239363530343930342e3133] 
 Error Level: [ERROR] 
 Remote Host: [ca.guimpo.com] 
 Remote URI: [/bloga_list.php] 
 Request Method: [GET] 
 GET Variables: [pag=1] 
 Timestamp: [31/01/2011 21:15:04] 
 IP user: [127.0.0.1] 
 Error Message: [UNDEFINED (view) IN THE FILE (/Applications/MAMP/htdocs/GuimpoPHP/generic/lng_ca/defines.php.lng).] 
=+=+=+=+=+=+=+=+=+=+=+=+=+=+=+=+=+=+=+=+=+=+=+=+=
 Error Stamp: [313239363530343930342e3133] 
 Error Level: [ERROR] 
 Remote Host: [ca.guimpo.com] 
 Remote URI: [/bloga_list.php] 
 Request Method: [GET] 
 GET Variables: [pag=1] 
 Timestamp: [31/01/2011 21:15:04] 
 IP user: [127.0.0.1] 
 Error Message: [UNDEFINED (edit) IN THE FILE (/Applications/MAMP/htdocs/GuimpoPHP/generic/lng_ca/defines.php.lng).] 
=+=+=+=+=+=+=+=+=+=+=+=+=+=+=+=+=+=+=+=+=+=+=+=+=
 Error Stamp: [313239363530343930342e3133] 
 Error Level: [ERROR] 
 Remote Host: [ca.guimpo.com] 
 Remote URI: [/bloga_list.php] 
 Request Method: [GET] 
 GET Variables: [pag=1] 
 Timestamp: [31/01/2011 21:15:04] 
 IP user: [127.0.0.1] 
 Error Message: [UNDEFINED (confirm_delete) IN THE FILE (/Applications/MAMP/htdocs/GuimpoPHP/generic/lng_ca/defines.php.lng).] 
=+=+=+=+=+=+=+=+=+=+=+=+=+=+=+=+=+=+=+=+=+=+=+=+=
 Error Stamp: [313239363530343930342e3133] 
 Error Level: [ERROR] 
 Remote Host: [ca.guimpo.com] 
 Remote URI: [/bloga_list.php] 
 Request Method: [GET] 
 GET Variables: [pag=1] 
 Timestamp: [31/01/2011 21:15:04] 
 IP user: [127.0.0.1] 
 Error Message: [UNDEFINED (delete) IN THE FILE (/Applications/MAMP/htdocs/GuimpoPHP/generic/lng_ca/defines.php.lng).] 
=+=+=+=+=+=+=+=+=+=+=+=+=+=+=+=+=+=+=+=+=+=+=+=+=
 Error Stamp: [313239363530343930342e3133] 
 Error Level: [ERROR] 
 Remote Host: [ca.guimpo.com] 
 Remote URI: [/bloga_list.php] 
 Request Method: [GET] 
 GET Variables: [pag=1] 
 Timestamp: [31/01/2011 21:15:04] 
 IP user: [127.0.0.1] 
 Error Message: [UNDEFINED (new_item) IN THE FILE (/Applications/MAMP/htdocs/GuimpoPHP/generic/lng_ca/defines.php.lng).] 
=+=+=+=+=+=+=+=+=+=+=+=+=+=+=+=+=+=+=+=+=+=+=+=+=
 Error Stamp: [313239363530343930362e3031] 
 Error Level: [ERROR] 
 Remote Host: [en.guimpo.com] 
 Remote URI: [/bloga_list.php] 
 Request Method: [GET] 
 GET Variables: [pag=1] 
 Timestamp: [31/01/2011 21:15:06] 
 IP user: [127.0.0.1] 
 Error Message: [UNDEFINED (list_of) IN THE FILE (/Applications/MAMP/htdocs/GuimpoPHP/generic/lng_en/defines.php.lng).] 
=+=+=+=+=+=+=+=+=+=+=+=+=+=+=+=+=+=+=+=+=+=+=+=+=
 Error Stamp: [313239363530343930362e3031] 
 Error Level: [ERROR] 
 Remote Host: [en.guimpo.com] 
 Remote URI: [/bloga_list.php] 
 Request Method: [GET] 
 GET Variables: [pag=1] 
 Timestamp: [31/01/2011 21:15:06] 
 IP user: [127.0.0.1] 
 Error Message: [UNDEFINED (options) IN THE FILE (/Applications/MAMP/htdocs/GuimpoPHP/generic/lng_en/defines.php.lng).] 
=+=+=+=+=+=+=+=+=+=+=+=+=+=+=+=+=+=+=+=+=+=+=+=+=
 Error Stamp: [313239363530343930362e3031] 
 Error Level: [ERROR] 
 Remote Host: [en.guimpo.com] 
 Remote URI: [/bloga_list.php] 
 Request Method: [GET] 
 GET Variables: [pag=1] 
 Timestamp: [31/01/2011 21:15:06] 
 IP user: [127.0.0.1] 
 Error Message: [UNDEFINED (view) IN THE FILE (/Applications/MAMP/htdocs/GuimpoPHP/generic/lng_en/defines.php.lng).] 
=+=+=+=+=+=+=+=+=+=+=+=+=+=+=+=+=+=+=+=+=+=+=+=+=
 Error Stamp: [313239363530343930362e3031] 
 Error Level: [ERROR] 
 Remote Host: [en.guimpo.com] 
 Remote URI: [/bloga_list.php] 
 Request Method: [GET] 
 GET Variables: [pag=1] 
 Timestamp: [31/01/2011 21:15:06] 
 IP user: [127.0.0.1] 
 Error Message: [UNDEFINED (edit) IN THE FILE (/Applications/MAMP/htdocs/GuimpoPHP/generic/lng_en/defines.php.lng).] 
=+=+=+=+=+=+=+=+=+=+=+=+=+=+=+=+=+=+=+=+=+=+=+=+=
 Error Stamp: [313239363530343930362e3031] 
 Error Level: [ERROR] 
 Remote Host: [en.guimpo.com] 
 Remote URI: [/bloga_list.php] 
 Request Method: [GET] 
 GET Variables: [pag=1] 
 Timestamp: [31/01/2011 21:15:06] 
 IP user: [127.0.0.1] 
 Error Message: [UNDEFINED (confirm_delete) IN THE FILE (/Applications/MAMP/htdocs/GuimpoPHP/generic/lng_en/defines.php.lng).] 
=+=+=+=+=+=+=+=+=+=+=+=+=+=+=+=+=+=+=+=+=+=+=+=+=
 Error Stamp: [313239363530343930362e3031] 
 Error Level: [ERROR] 
 Remote Host: [en.guimpo.com] 
 Remote URI: [/bloga_list.php] 
 Request Method: [GET] 
 GET Variables: [pag=1] 
 Timestamp: [31/01/2011 21:15:06] 
 IP user: [127.0.0.1] 
 Error Message: [UNDEFINED (delete) IN THE FILE (/Applications/MAMP/htdocs/GuimpoPHP/generic/lng_en/defines.php.lng).] 
=+=+=+=+=+=+=+=+=+=+=+=+=+=+=+=+=+=+=+=+=+=+=+=+=
 Error Stamp: [313239363530343930362e3031] 
 Error Level: [ERROR] 
 Remote Host: [en.guimpo.com] 
 Remote URI: [/bloga_list.php] 
 Request Method: [GET] 
 GET Variables: [pag=1] 
 Timestamp: [31/01/2011 21:15:06] 
 IP user: [127.0.0.1] 
 Error Message: [UNDEFINED (new_item) IN THE FILE (/Applications/MAMP/htdocs/GuimpoPHP/generic/lng_en/defines.php.lng).] 
=+=+=+=+=+=+=+=+=+=+=+=+=+=+=+=+=+=+=+=+=+=+=+=+=
 Error Stamp: [313239363530343931332e3839] 
 Error Level: [ERROR] 
 Remote Host: [ca.guimpo.com] 
 Remote URI: [/bloga_list.php] 
 Request Method: [GET] 
 GET Variables: [pag=1] 
 Timestamp: [31/01/2011 21:15:13] 
 IP user: [127.0.0.1] 
 Error Message: [UNDEFINED (list_of) IN THE FILE (/Applications/MAMP/htdocs/GuimpoPHP/generic/lng_ca/defines.php.lng).] 
=+=+=+=+=+=+=+=+=+=+=+=+=+=+=+=+=+=+=+=+=+=+=+=+=
 Error Stamp: [313239363530343931332e3839] 
 Error Level: [ERROR] 
 Remote Host: [ca.guimpo.com] 
 Remote URI: [/bloga_list.php] 
 Request Method: [GET] 
 GET Variables: [pag=1] 
 Timestamp: [31/01/2011 21:15:13] 
 IP user: [127.0.0.1] 
 Error Message: [UNDEFINED (options) IN THE FILE (/Applications/MAMP/htdocs/GuimpoPHP/generic/lng_ca/defines.php.lng).] 
=+=+=+=+=+=+=+=+=+=+=+=+=+=+=+=+=+=+=+=+=+=+=+=+=
 Error Stamp: [313239363530343931332e3839] 
 Error Level: [ERROR] 
 Remote Host: [ca.guimpo.com] 
 Remote URI: [/bloga_list.php] 
 Request Method: [GET] 
 GET Variables: [pag=1] 
 Timestamp: [31/01/2011 21:15:13] 
 IP user: [127.0.0.1] 
 Error Message: [UNDEFINED (view) IN THE FILE (/Applications/MAMP/htdocs/GuimpoPHP/generic/lng_ca/defines.php.lng).] 
=+=+=+=+=+=+=+=+=+=+=+=+=+=+=+=+=+=+=+=+=+=+=+=+=
 Error Stamp: [313239363530343931332e3839] 
 Error Level: [ERROR] 
 Remote Host: [ca.guimpo.com] 
 Remote URI: [/bloga_list.php] 
 Request Method: [GET] 
 GET Variables: [pag=1] 
 Timestamp: [31/01/2011 21:15:13] 
 IP user: [127.0.0.1] 
 Error Message: [UNDEFINED (edit) IN THE FILE (/Applications/MAMP/htdocs/GuimpoPHP/generic/lng_ca/defines.php.lng).] 
=+=+=+=+=+=+=+=+=+=+=+=+=+=+=+=+=+=+=+=+=+=+=+=+=
 Error Stamp: [313239363530343931332e3839] 
 Error Level: [ERROR] 
 Remote Host: [ca.guimpo.com] 
 Remote URI: [/bloga_list.php] 
 Request Method: [GET] 
 GET Variables: [pag=1] 
 Timestamp: [31/01/2011 21:15:13] 
 IP user: [127.0.0.1] 
 Error Message: [UNDEFINED (confirm_delete) IN THE FILE (/Applications/MAMP/htdocs/GuimpoPHP/generic/lng_ca/defines.php.lng).] 
=+=+=+=+=+=+=+=+=+=+=+=+=+=+=+=+=+=+=+=+=+=+=+=+=
 Error Stamp: [313239363530343931332e3839] 
 Error Level: [ERROR] 
 Remote Host: [ca.guimpo.com] 
 Remote URI: [/bloga_list.php] 
 Request Method: [GET] 
 GET Variables: [pag=1] 
 Timestamp: [31/01/2011 21:15:13] 
 IP user: [127.0.0.1] 
 Error Message: [UNDEFINED (delete) IN THE FILE (/Applications/MAMP/htdocs/GuimpoPHP/generic/lng_ca/defines.php.lng).] 
=+=+=+=+=+=+=+=+=+=+=+=+=+=+=+=+=+=+=+=+=+=+=+=+=
 Error Stamp: [313239363530343931332e3839] 
 Error Level: [ERROR] 
 Remote Host: [ca.guimpo.com] 
 Remote URI: [/bloga_list.php] 
 Request Method: [GET] 
 GET Variables: [pag=1] 
 Timestamp: [31/01/2011 21:15:13] 
 IP user: [127.0.0.1] 
 Error Message: [UNDEFINED (new_item) IN THE FILE (/Applications/MAMP/htdocs/GuimpoPHP/generic/lng_ca/defines.php.lng).] 
=+=+=+=+=+=+=+=+=+=+=+=+=+=+=+=+=+=+=+=+=+=+=+=+=
 Error Stamp: [313239363530343932342e3037] 
 Error Level: [ERROR] 
 Remote Host: [ca.guimpo.com] 
 Remote URI: [/bloga_list.php] 
 Request Method: [GET] 
 GET Variables: [pag=1] 
 Timestamp: [31/01/2011 21:15:24] 
 IP user: [127.0.0.1] 
 Error Message: [UNDEFINED (list_of) IN THE FILE (/Applications/MAMP/htdocs/GuimpoPHP/generic/lng_ca/defines.php.lng).] 
=+=+=+=+=+=+=+=+=+=+=+=+=+=+=+=+=+=+=+=+=+=+=+=+=
 Error Stamp: [313239363530343932342e3037] 
 Error Level: [ERROR] 
 Remote Host: [ca.guimpo.com] 
 Remote URI: [/bloga_list.php] 
 Request Method: [GET] 
 GET Variables: [pag=1] 
 Timestamp: [31/01/2011 21:15:24] 
 IP user: [127.0.0.1] 
 Error Message: [UNDEFINED (options) IN THE FILE (/Applications/MAMP/htdocs/GuimpoPHP/generic/lng_ca/defines.php.lng).] 
=+=+=+=+=+=+=+=+=+=+=+=+=+=+=+=+=+=+=+=+=+=+=+=+=
 Error Stamp: [313239363530343932342e3037] 
 Error Level: [ERROR] 
 Remote Host: [ca.guimpo.com] 
 Remote URI: [/bloga_list.php] 
 Request Method: [GET] 
 GET Variables: [pag=1] 
 Timestamp: [31/01/2011 21:15:24] 
 IP user: [127.0.0.1] 
 Error Message: [UNDEFINED (view) IN THE FILE (/Applications/MAMP/htdocs/GuimpoPHP/generic/lng_ca/defines.php.lng).] 
=+=+=+=+=+=+=+=+=+=+=+=+=+=+=+=+=+=+=+=+=+=+=+=+=
 Error Stamp: [313239363530343932342e3037] 
 Error Level: [ERROR] 
 Remote Host: [ca.guimpo.com] 
 Remote URI: [/bloga_list.php] 
 Request Method: [GET] 
 GET Variables: [pag=1] 
 Timestamp: [31/01/2011 21:15:24] 
 IP user: [127.0.0.1] 
 Error Message: [UNDEFINED (edit) IN THE FILE (/Applications/MAMP/htdocs/GuimpoPHP/generic/lng_ca/defines.php.lng).] 
=+=+=+=+=+=+=+=+=+=+=+=+=+=+=+=+=+=+=+=+=+=+=+=+=
 Error Stamp: [313239363530343932342e3037] 
 Error Level: [ERROR] 
 Remote Host: [ca.guimpo.com] 
 Remote URI: [/bloga_list.php] 
 Request Method: [GET] 
 GET Variables: [pag=1] 
 Timestamp: [31/01/2011 21:15:24] 
 IP user: [127.0.0.1] 
 Error Message: [UNDEFINED (confirm_delete) IN THE FILE (/Applications/MAMP/htdocs/GuimpoPHP/generic/lng_ca/defines.php.lng).] 
=+=+=+=+=+=+=+=+=+=+=+=+=+=+=+=+=+=+=+=+=+=+=+=+=
 Error Stamp: [313239363530343932342e3037] 
 Error Level: [ERROR] 
 Remote Host: [ca.guimpo.com] 
 Remote URI: [/bloga_list.php] 
 Request Method: [GET] 
 GET Variables: [pag=1] 
 Timestamp: [31/01/2011 21:15:24] 
 IP user: [127.0.0.1] 
 Error Message: [UNDEFINED (delete) IN THE FILE (/Applications/MAMP/htdocs/GuimpoPHP/generic/lng_ca/defines.php.lng).] 
=+=+=+=+=+=+=+=+=+=+=+=+=+=+=+=+=+=+=+=+=+=+=+=+=
 Error Stamp: [313239363530343932342e3037] 
 Error Level: [ERROR] 
 Remote Host: [ca.guimpo.com] 
 Remote URI: [/bloga_list.php] 
 Request Method: [GET] 
 GET Variables: [pag=1] 
 Timestamp: [31/01/2011 21:15:24] 
 IP user: [127.0.0.1] 
 Error Message: [UNDEFINED (new_item) IN THE FILE (/Applications/MAMP/htdocs/GuimpoPHP/generic/lng_ca/defines.php.lng).] 
=+=+=+=+=+=+=+=+=+=+=+=+=+=+=+=+=+=+=+=+=+=+=+=+=
 Error Stamp: [313239363530353039392e3131] 
 Error Level: [ERROR] 
 Remote Host: [ca.guimpo.com] 
 Remote URI: [/bloga_list.php] 
 Request Method: [GET] 
 GET Variables: [pag=1] 
 Timestamp: [31/01/2011 21:18:19] 
 IP user: [127.0.0.1] 
 Error Message: [UNDEFINED (list_of) IN THE FILE (/Applications/MAMP/htdocs/GuimpoPHP/generic/lng_ca/defines.php.lng).] 
=+=+=+=+=+=+=+=+=+=+=+=+=+=+=+=+=+=+=+=+=+=+=+=+=
 Error Stamp: [313239363530353039392e3131] 
 Error Level: [ERROR] 
 Remote Host: [ca.guimpo.com] 
 Remote URI: [/bloga_list.php] 
 Request Method: [GET] 
 GET Variables: [pag=1] 
 Timestamp: [31/01/2011 21:18:19] 
 IP user: [127.0.0.1] 
 Error Message: [UNDEFINED (options) IN THE FILE (/Applications/MAMP/htdocs/GuimpoPHP/generic/lng_ca/defines.php.lng).] 
=+=+=+=+=+=+=+=+=+=+=+=+=+=+=+=+=+=+=+=+=+=+=+=+=
 Error Stamp: [313239363530353039392e3131] 
 Error Level: [ERROR] 
 Remote Host: [ca.guimpo.com] 
 Remote URI: [/bloga_list.php] 
 Request Method: [GET] 
 GET Variables: [pag=1] 
 Timestamp: [31/01/2011 21:18:19] 
 IP user: [127.0.0.1] 
 Error Message: [UNDEFINED (view) IN THE FILE (/Applications/MAMP/htdocs/GuimpoPHP/generic/lng_ca/defines.php.lng).] 
=+=+=+=+=+=+=+=+=+=+=+=+=+=+=+=+=+=+=+=+=+=+=+=+=
 Error Stamp: [313239363530353039392e3131] 
 Error Level: [ERROR] 
 Remote Host: [ca.guimpo.com] 
 Remote URI: [/bloga_list.php] 
 Request Method: [GET] 
 GET Variables: [pag=1] 
 Timestamp: [31/01/2011 21:18:19] 
 IP user: [127.0.0.1] 
 Error Message: [UNDEFINED (edit) IN THE FILE (/Applications/MAMP/htdocs/GuimpoPHP/generic/lng_ca/defines.php.lng).] 
=+=+=+=+=+=+=+=+=+=+=+=+=+=+=+=+=+=+=+=+=+=+=+=+=
 Error Stamp: [313239363530353039392e3131] 
 Error Level: [ERROR] 
 Remote Host: [ca.guimpo.com] 
 Remote URI: [/bloga_list.php] 
 Request Method: [GET] 
 GET Variables: [pag=1] 
 Timestamp: [31/01/2011 21:18:19] 
 IP user: [127.0.0.1] 
 Error Message: [UNDEFINED (confirm_delete) IN THE FILE (/Applications/MAMP/htdocs/GuimpoPHP/generic/lng_ca/defines.php.lng).] 
=+=+=+=+=+=+=+=+=+=+=+=+=+=+=+=+=+=+=+=+=+=+=+=+=
 Error Stamp: [313239363530353039392e3131] 
 Error Level: [ERROR] 
 Remote Host: [ca.guimpo.com] 
 Remote URI: [/bloga_list.php] 
 Request Method: [GET] 
 GET Variables: [pag=1] 
 Timestamp: [31/01/2011 21:18:19] 
 IP user: [127.0.0.1] 
 Error Message: [UNDEFINED (delete) IN THE FILE (/Applications/MAMP/htdocs/GuimpoPHP/generic/lng_ca/defines.php.lng).] 
=+=+=+=+=+=+=+=+=+=+=+=+=+=+=+=+=+=+=+=+=+=+=+=+=
 Error Stamp: [313239363530353039392e3131] 
 Error Level: [ERROR] 
 Remote Host: [ca.guimpo.com] 
 Remote URI: [/bloga_list.php] 
 Request Method: [GET] 
 GET Variables: [pag=1] 
 Timestamp: [31/01/2011 21:18:19] 
 IP user: [127.0.0.1] 
 Error Message: [UNDEFINED (new_item) IN THE FILE (/Applications/MAMP/htdocs/GuimpoPHP/generic/lng_ca/defines.php.lng).] 
=+=+=+=+=+=+=+=+=+=+=+=+=+=+=+=+=+=+=+=+=+=+=+=+=
 Error Stamp: [313239363530353131352e36] 
 Error Level: [ERROR] 
 Remote Host: [ca.guimpo.com] 
 Remote URI: [/bloga_list.php] 
 Request Method: [GET] 
 GET Variables: [pag=1] 
 Timestamp: [31/01/2011 21:18:35] 
 IP user: [127.0.0.1] 
 Error Message: [UNDEFINED (list_of) IN THE FILE (/Applications/MAMP/htdocs/GuimpoPHP/generic/lng_ca/defines.php.lng).] 
=+=+=+=+=+=+=+=+=+=+=+=+=+=+=+=+=+=+=+=+=+=+=+=+=
 Error Stamp: [313239363530353131352e36] 
 Error Level: [ERROR] 
 Remote Host: [ca.guimpo.com] 
 Remote URI: [/bloga_list.php] 
 Request Method: [GET] 
 GET Variables: [pag=1] 
 Timestamp: [31/01/2011 21:18:35] 
 IP user: [127.0.0.1] 
 Error Message: [UNDEFINED (options) IN THE FILE (/Applications/MAMP/htdocs/GuimpoPHP/generic/lng_ca/defines.php.lng).] 
=+=+=+=+=+=+=+=+=+=+=+=+=+=+=+=+=+=+=+=+=+=+=+=+=
 Error Stamp: [313239363530353131352e36] 
 Error Level: [ERROR] 
 Remote Host: [ca.guimpo.com] 
 Remote URI: [/bloga_list.php] 
 Request Method: [GET] 
 GET Variables: [pag=1] 
 Timestamp: [31/01/2011 21:18:35] 
 IP user: [127.0.0.1] 
 Error Message: [UNDEFINED (view) IN THE FILE (/Applications/MAMP/htdocs/GuimpoPHP/generic/lng_ca/defines.php.lng).] 
=+=+=+=+=+=+=+=+=+=+=+=+=+=+=+=+=+=+=+=+=+=+=+=+=
 Error Stamp: [313239363530353131352e36] 
 Error Level: [ERROR] 
 Remote Host: [ca.guimpo.com] 
 Remote URI: [/bloga_list.php] 
 Request Method: [GET] 
 GET Variables: [pag=1] 
 Timestamp: [31/01/2011 21:18:35] 
 IP user: [127.0.0.1] 
 Error Message: [UNDEFINED (edit) IN THE FILE (/Applications/MAMP/htdocs/GuimpoPHP/generic/lng_ca/defines.php.lng).] 
=+=+=+=+=+=+=+=+=+=+=+=+=+=+=+=+=+=+=+=+=+=+=+=+=
 Error Stamp: [313239363530353131352e36] 
 Error Level: [ERROR] 
 Remote Host: [ca.guimpo.com] 
 Remote URI: [/bloga_list.php] 
 Request Method: [GET] 
 GET Variables: [pag=1] 
 Timestamp: [31/01/2011 21:18:35] 
 IP user: [127.0.0.1] 
 Error Message: [UNDEFINED (confirm_delete) IN THE FILE (/Applications/MAMP/htdocs/GuimpoPHP/generic/lng_ca/defines.php.lng).] 
=+=+=+=+=+=+=+=+=+=+=+=+=+=+=+=+=+=+=+=+=+=+=+=+=
 Error Stamp: [313239363530353131352e3631] 
 Error Level: [ERROR] 
 Remote Host: [ca.guimpo.com] 
 Remote URI: [/bloga_list.php] 
 Request Method: [GET] 
 GET Variables: [pag=1] 
 Timestamp: [31/01/2011 21:18:35] 
 IP user: [127.0.0.1] 
 Error Message: [UNDEFINED (delete) IN THE FILE (/Applications/MAMP/htdocs/GuimpoPHP/generic/lng_ca/defines.php.lng).] 
=+=+=+=+=+=+=+=+=+=+=+=+=+=+=+=+=+=+=+=+=+=+=+=+=
 Error Stamp: [313239363530353131352e3631] 
 Error Level: [ERROR] 
 Remote Host: [ca.guimpo.com] 
 Remote URI: [/bloga_list.php] 
 Request Method: [GET] 
 GET Variables: [pag=1] 
 Timestamp: [31/01/2011 21:18:35] 
 IP user: [127.0.0.1] 
 Error Message: [UNDEFINED (new_item) IN THE FILE (/Applications/MAMP/htdocs/GuimpoPHP/generic/lng_ca/defines.php.lng).] 
=+=+=+=+=+=+=+=+=+=+=+=+=+=+=+=+=+=+=+=+=+=+=+=+=
 Error Stamp: [313239363530353131382e3433] 
 Error Level: [ERROR] 
 Remote Host: [en.guimpo.com] 
 Remote URI: [/bloga_list.php] 
 Request Method: [GET] 
 GET Variables: [pag=1] 
 Timestamp: [31/01/2011 21:18:38] 
 IP user: [127.0.0.1] 
 Error Message: [UNDEFINED (list_of) IN THE FILE (/Applications/MAMP/htdocs/GuimpoPHP/generic/lng_en/defines.php.lng).] 
=+=+=+=+=+=+=+=+=+=+=+=+=+=+=+=+=+=+=+=+=+=+=+=+=
 Error Stamp: [313239363530353131382e3433] 
 Error Level: [ERROR] 
 Remote Host: [en.guimpo.com] 
 Remote URI: [/bloga_list.php] 
 Request Method: [GET] 
 GET Variables: [pag=1] 
 Timestamp: [31/01/2011 21:18:38] 
 IP user: [127.0.0.1] 
 Error Message: [UNDEFINED (options) IN THE FILE (/Applications/MAMP/htdocs/GuimpoPHP/generic/lng_en/defines.php.lng).] 
=+=+=+=+=+=+=+=+=+=+=+=+=+=+=+=+=+=+=+=+=+=+=+=+=
 Error Stamp: [313239363530353131382e3434] 
 Error Level: [ERROR] 
 Remote Host: [en.guimpo.com] 
 Remote URI: [/bloga_list.php] 
 Request Method: [GET] 
 GET Variables: [pag=1] 
 Timestamp: [31/01/2011 21:18:38] 
 IP user: [127.0.0.1] 
 Error Message: [UNDEFINED (view) IN THE FILE (/Applications/MAMP/htdocs/GuimpoPHP/generic/lng_en/defines.php.lng).] 
=+=+=+=+=+=+=+=+=+=+=+=+=+=+=+=+=+=+=+=+=+=+=+=+=
 Error Stamp: [313239363530353131382e3434] 
 Error Level: [ERROR] 
 Remote Host: [en.guimpo.com] 
 Remote URI: [/bloga_list.php] 
 Request Method: [GET] 
 GET Variables: [pag=1] 
 Timestamp: [31/01/2011 21:18:38] 
 IP user: [127.0.0.1] 
 Error Message: [UNDEFINED (edit) IN THE FILE (/Applications/MAMP/htdocs/GuimpoPHP/generic/lng_en/defines.php.lng).] 
=+=+=+=+=+=+=+=+=+=+=+=+=+=+=+=+=+=+=+=+=+=+=+=+=
 Error Stamp: [313239363530353131382e3434] 
 Error Level: [ERROR] 
 Remote Host: [en.guimpo.com] 
 Remote URI: [/bloga_list.php] 
 Request Method: [GET] 
 GET Variables: [pag=1] 
 Timestamp: [31/01/2011 21:18:38] 
 IP user: [127.0.0.1] 
 Error Message: [UNDEFINED (confirm_delete) IN THE FILE (/Applications/MAMP/htdocs/GuimpoPHP/generic/lng_en/defines.php.lng).] 
=+=+=+=+=+=+=+=+=+=+=+=+=+=+=+=+=+=+=+=+=+=+=+=+=
 Error Stamp: [313239363530353131382e3434] 
 Error Level: [ERROR] 
 Remote Host: [en.guimpo.com] 
 Remote URI: [/bloga_list.php] 
 Request Method: [GET] 
 GET Variables: [pag=1] 
 Timestamp: [31/01/2011 21:18:38] 
 IP user: [127.0.0.1] 
 Error Message: [UNDEFINED (delete) IN THE FILE (/Applications/MAMP/htdocs/GuimpoPHP/generic/lng_en/defines.php.lng).] 
=+=+=+=+=+=+=+=+=+=+=+=+=+=+=+=+=+=+=+=+=+=+=+=+=
 Error Stamp: [313239363530353131382e3434] 
 Error Level: [ERROR] 
 Remote Host: [en.guimpo.com] 
 Remote URI: [/bloga_list.php] 
 Request Method: [GET] 
 GET Variables: [pag=1] 
 Timestamp: [31/01/2011 21:18:38] 
 IP user: [127.0.0.1] 
 Error Message: [UNDEFINED (new_item) IN THE FILE (/Applications/MAMP/htdocs/GuimpoPHP/generic/lng_en/defines.php.lng).] 
=+=+=+=+=+=+=+=+=+=+=+=+=+=+=+=+=+=+=+=+=+=+=+=+=
