 Error Stamp: [313239363732343238302e38] 
 Error Level: [ERROR] 
 Remote Host: [ca.guimpo.com] 
 Remote URI: [/categoria.php] 
 Request Method: [GET] 
 GET Variables: [stripped=catala] 
 Timestamp: [03/02/2011 10:11:20] 
 IP user: [127.0.0.1] 
 Error Message: [UNDEFINED (return) IN THE FILE (/Applications/MAMP/htdocs/GuimpoPHP/generic/lng_ca/defines.php.lng).] 
=+=+=+=+=+=+=+=+=+=+=+=+=+=+=+=+=+=+=+=+=+=+=+=+=
 Error Stamp: [313239363732343238322e3931] 
 Error Level: [ERROR] 
 Remote Host: [en.guimpo.com] 
 Remote URI: [/categoria.php] 
 Request Method: [GET] 
 GET Variables: [stripped=english] 
 Timestamp: [03/02/2011 10:11:22] 
 IP user: [127.0.0.1] 
 Error Message: [UNDEFINED (return) IN THE FILE (/Applications/MAMP/htdocs/GuimpoPHP/generic/lng_en/defines.php.lng).] 
=+=+=+=+=+=+=+=+=+=+=+=+=+=+=+=+=+=+=+=+=+=+=+=+=
 Error Stamp: [313239363732353037362e39] 
 Error Level: [ERROR] 
 Remote Host: [ca.guimpo.com] 
 Remote URI: [/categoria.php] 
 Request Method: [GET] 
 GET Variables: [stripped=pitusan] 
 Timestamp: [03/02/2011 10:24:36] 
 IP user: [127.0.0.1] 
 Error Message: [UNDEFINED (return) IN THE FILE (/Applications/MAMP/htdocs/GuimpoPHP/generic/lng_ca/defines.php.lng).] 
=+=+=+=+=+=+=+=+=+=+=+=+=+=+=+=+=+=+=+=+=+=+=+=+=
 Error Stamp: [313239363732353037382e3231] 
 Error Level: [ERROR] 
 Remote Host: [en.guimpo.com] 
 Remote URI: [/categoria.php] 
 Request Method: [GET] 
 GET Variables: [stripped=pitusan] 
 Timestamp: [03/02/2011 10:24:38] 
 IP user: [127.0.0.1] 
 Error Message: [UNDEFINED (return) IN THE FILE (/Applications/MAMP/htdocs/GuimpoPHP/generic/lng_en/defines.php.lng).] 
=+=+=+=+=+=+=+=+=+=+=+=+=+=+=+=+=+=+=+=+=+=+=+=+=
 Error Stamp: [313239363732353037392e3431] 
 Error Level: [ERROR] 
 Remote Host: [ca.guimpo.com] 
 Remote URI: [/categoria.php] 
 Request Method: [GET] 
 GET Variables: [stripped=pitusan] 
 Timestamp: [03/02/2011 10:24:39] 
 IP user: [127.0.0.1] 
 Error Message: [UNDEFINED (return) IN THE FILE (/Applications/MAMP/htdocs/GuimpoPHP/generic/lng_ca/defines.php.lng).] 
=+=+=+=+=+=+=+=+=+=+=+=+=+=+=+=+=+=+=+=+=+=+=+=+=
 Error Stamp: [313239363732353433382e3631] 
 Error Level: [ERROR] 
 Remote Host: [ca.guimpo.com] 
 Remote URI: [/categoria.php] 
 Request Method: [GET] 
 GET Variables: [stripped=pitusan] 
 Timestamp: [03/02/2011 10:30:38] 
 IP user: [127.0.0.1] 
 Error Message: [UNDEFINED (return) IN THE FILE (/Applications/MAMP/htdocs/GuimpoPHP/generic/lng_ca/defines.php.lng).] 
=+=+=+=+=+=+=+=+=+=+=+=+=+=+=+=+=+=+=+=+=+=+=+=+=
 Error Stamp: [313239363732353433392e3535] 
 Error Level: [ERROR] 
 Remote Host: [en.guimpo.com] 
 Remote URI: [/categoria.php] 
 Request Method: [GET] 
 GET Variables: [stripped=pitusan] 
 Timestamp: [03/02/2011 10:30:39] 
 IP user: [127.0.0.1] 
 Error Message: [UNDEFINED (return) IN THE FILE (/Applications/MAMP/htdocs/GuimpoPHP/generic/lng_en/defines.php.lng).] 
=+=+=+=+=+=+=+=+=+=+=+=+=+=+=+=+=+=+=+=+=+=+=+=+=
 Error Stamp: [313239363732353434302e3332] 
 Error Level: [ERROR] 
 Remote Host: [ca.guimpo.com] 
 Remote URI: [/categoria.php] 
 Request Method: [GET] 
 GET Variables: [stripped=pitusan] 
 Timestamp: [03/02/2011 10:30:40] 
 IP user: [127.0.0.1] 
 Error Message: [UNDEFINED (return) IN THE FILE (/Applications/MAMP/htdocs/GuimpoPHP/generic/lng_ca/defines.php.lng).] 
=+=+=+=+=+=+=+=+=+=+=+=+=+=+=+=+=+=+=+=+=+=+=+=+=
 Error Stamp: [313239363734343432342e3435] 
 Error Level: [ALERT] 
 Remote Host: [www.guimpo.com] 
 Remote URI: [/admin/categoria_create.php] 
 Request Method: [POST] 
 POST Variables: [cformcategoria_name=sdfañs&cformcategoria_descripcion_es=kdsfjfñla&cformcategoria_descripcion_ca=dkfsjañfs&cformcategoria_descripcion_en=sdaklñfjasdf&ts=ad06c1ckjlje808f058bebf75349ea62d464&cformcategoria_submit=Enviar] 
 Timestamp: [03/02/2011 15:47:04] 
 IP user: [127.0.0.1] 
 Error Message: [Intento de CSRF en 'categoria_create.php'. TOKEN valid = 'ad06c1ce808f058bebf75349ea62d464'. USERNAME:'isanchez'] 
=+=+=+=+=+=+=+=+=+=+=+=+=+=+=+=+=+=+=+=+=+=+=+=+=
 Error Stamp: [313239363734343732342e3931] 
 Error Level: [ALERT] 
 Remote Host: [www.guimpo.com] 
 Remote URI: [/admin/categoria_create.php] 
 Request Method: [POST] 
 POST Variables: [cformcategoria_name=sdfañs&cformcategoria_descripcion_es=kdsfjfñla&cformcategoria_descripcion_ca=dkfsjañfs&cformcategoria_descripcion_en=sdaklñfjasdf&ts=ad06c1ckjlje808f058bebf75349ea62d464&cformcategoria_submit=Enviar] 
 Timestamp: [03/02/2011 15:52:04] 
 IP user: [127.0.0.1] 
 Error Message: [Intento de CSRF en 'categoria_create.php'. TOKEN valid = 'ad06c1ce808f058bebf75349ea62d464'. USERNAME:'isanchez'] 
=+=+=+=+=+=+=+=+=+=+=+=+=+=+=+=+=+=+=+=+=+=+=+=+=
