 Error Stamp: [313239373835323736302e3339] 
 Error Level: [ERROR] 
 Remote Host: [www.guimpo.com] 
 Remote URI: [/admin/categoria_create.php] 
 Request Method: [POST] 
 POST Variables: [cformcategoria_name=ldfjks&ts=dbb8494487289ff41e61a9dd14b15dc4&cformcategoria_submit=Enviar] 
 Timestamp: [16/02/2011 11:39:20] 
 IP user: [127.0.0.1] 
 Error Message: [no entra al constructor de archivoarray (
  'cformcategoria_foto_es' => 
  array (
    'name' => 'cover.jpg',
    'type' => 'image/jpeg',
    'tmp_name' => '/Applications/MAMP/tmp/php/phpcykjOn',
    'error' => 0,
    'size' => 90127,
  ),
  'cformcategoria_foto_ca' => 
  array (
    'name' => 'cover.jpg',
    'type' => 'image/jpeg',
    'tmp_name' => '/Applications/MAMP/tmp/php/php6aKFx4',
    'error' => 0,
    'size' => 364354,
  ),
  'cformcategoria_foto_en' => 
  array (
    'name' => '00 - Caratula.jpg',
    'type' => 'image/jpeg',
    'tmp_name' => '/Applications/MAMP/tmp/php/phpLhgLyx',
    'error' => 0,
    'size' => 1151959,
  ),
)] 
=+=+=+=+=+=+=+=+=+=+=+=+=+=+=+=+=+=+=+=+=+=+=+=+=
 Error Stamp: [313239373835323736302e3339] 
 Error Level: [ERROR] 
 Remote Host: [www.guimpo.com] 
 Remote URI: [/admin/categoria_create.php] 
 Request Method: [POST] 
 POST Variables: [cformcategoria_name=ldfjks&ts=dbb8494487289ff41e61a9dd14b15dc4&cformcategoria_submit=Enviar] 
 Timestamp: [16/02/2011 11:39:20] 
 IP user: [127.0.0.1] 
 Error Message: [no entra al constructor de archivoarray (
  'cformcategoria_foto_es' => 
  array (
    'name' => 'cover.jpg',
    'type' => 'image/jpeg',
    'tmp_name' => '/Applications/MAMP/tmp/php/phpcykjOn',
    'error' => 0,
    'size' => 90127,
  ),
  'cformcategoria_foto_ca' => 
  array (
    'name' => 'cover.jpg',
    'type' => 'image/jpeg',
    'tmp_name' => '/Applications/MAMP/tmp/php/php6aKFx4',
    'error' => 0,
    'size' => 364354,
  ),
  'cformcategoria_foto_en' => 
  array (
    'name' => '00 - Caratula.jpg',
    'type' => 'image/jpeg',
    'tmp_name' => '/Applications/MAMP/tmp/php/phpLhgLyx',
    'error' => 0,
    'size' => 1151959,
  ),
)] 
=+=+=+=+=+=+=+=+=+=+=+=+=+=+=+=+=+=+=+=+=+=+=+=+=
 Error Stamp: [313239373835323736302e3339] 
 Error Level: [ERROR] 
 Remote Host: [www.guimpo.com] 
 Remote URI: [/admin/categoria_create.php] 
 Request Method: [POST] 
 POST Variables: [cformcategoria_name=ldfjks&ts=dbb8494487289ff41e61a9dd14b15dc4&cformcategoria_submit=Enviar] 
 Timestamp: [16/02/2011 11:39:20] 
 IP user: [127.0.0.1] 
 Error Message: [no entra al constructor de archivoarray (
  'cformcategoria_foto_es' => 
  array (
    'name' => 'cover.jpg',
    'type' => 'image/jpeg',
    'tmp_name' => '/Applications/MAMP/tmp/php/phpcykjOn',
    'error' => 0,
    'size' => 90127,
  ),
  'cformcategoria_foto_ca' => 
  array (
    'name' => 'cover.jpg',
    'type' => 'image/jpeg',
    'tmp_name' => '/Applications/MAMP/tmp/php/php6aKFx4',
    'error' => 0,
    'size' => 364354,
  ),
  'cformcategoria_foto_en' => 
  array (
    'name' => '00 - Caratula.jpg',
    'type' => 'image/jpeg',
    'tmp_name' => '/Applications/MAMP/tmp/php/phpLhgLyx',
    'error' => 0,
    'size' => 1151959,
  ),
)] 
=+=+=+=+=+=+=+=+=+=+=+=+=+=+=+=+=+=+=+=+=+=+=+=+=
 Error Stamp: [313239373835323736302e3638] 
 Error Level: [ERROR] 
 Remote Host: [www.guimpo.com] 
 Remote URI: [/admin/categoria_create.php] 
 Request Method: [POST] 
 POST Variables: [cformcategoria_name=ldfjks&ts=dbb8494487289ff41e61a9dd14b15dc4&cformcategoria_submit=Enviar] 
 Timestamp: [16/02/2011 11:39:20] 
 IP user: [127.0.0.1] 
 Error Message: [Error al subir la foto en la ruta /Applications/MAMP/htdocs/GuimpoPHP/img/uploads/.] 
=+=+=+=+=+=+=+=+=+=+=+=+=+=+=+=+=+=+=+=+=+=+=+=+=
 Error Stamp: [313239373835323736302e3638] 
 Error Level: [ERROR] 
 Remote Host: [www.guimpo.com] 
 Remote URI: [/admin/categoria_create.php] 
 Request Method: [POST] 
 POST Variables: [cformcategoria_name=ldfjks&ts=dbb8494487289ff41e61a9dd14b15dc4&cformcategoria_submit=Enviar] 
 Timestamp: [16/02/2011 11:39:20] 
 IP user: [127.0.0.1] 
 Error Message: [Error al subir la foto en la ruta /Applications/MAMP/htdocs/GuimpoPHP/img/uploads/.] 
=+=+=+=+=+=+=+=+=+=+=+=+=+=+=+=+=+=+=+=+=+=+=+=+=
 Error Stamp: [313239373835323736302e3932] 
 Error Level: [ERROR] 
 Remote Host: [www.guimpo.com] 
 Remote URI: [/admin/categoria_create.php] 
 Request Method: [POST] 
 POST Variables: [cformcategoria_name=ldfjks&ts=dbb8494487289ff41e61a9dd14b15dc4&cformcategoria_submit=Enviar] 
 Timestamp: [16/02/2011 11:39:20] 
 IP user: [127.0.0.1] 
 Error Message: [Error al subir la foto en la ruta /Applications/MAMP/htdocs/GuimpoPHP/img/uploads/.] 
=+=+=+=+=+=+=+=+=+=+=+=+=+=+=+=+=+=+=+=+=+=+=+=+=
 Error Stamp: [313239373835333532392e3331] 
 Error Level: [ERROR] 
 Remote Host: [www.guimpo.com] 
 Remote URI: [/admin/categoria_create.php] 
 Request Method: [POST] 
 POST Variables: [cformcategoria_name=fdsfds&ts=dbb8494487289ff41e61a9dd14b15dc4&cformcategoria_submit=Enviar] 
 Timestamp: [16/02/2011 11:52:09] 
 IP user: [127.0.0.1] 
 Error Message: [no entra al constructor de archivoarray (
  'cformcategoria_foto_es' => 
  array (
    'name' => 'cd.jpg',
    'type' => 'image/jpeg',
    'tmp_name' => '/Applications/MAMP/tmp/php/phpcykjOn',
    'error' => 0,
    'size' => 1002490,
  ),
  'cformcategoria_foto_ca' => 
  array (
    'name' => 'El-L¡mite-Hablo-Alcohol,-Bebo-Hip-Hop-(2010)CONTRAPORTADA.jpg',
    'type' => 'image/jpeg',
    'tmp_name' => '/Applications/MAMP/tmp/php/php6aKFx4',
    'error' => 0,
    'size' => 572416,
  ),
  'cformcategoria_foto_en' => 
  array (
    'name' => 'cover.jpg',
    'type' => 'image/jpeg',
    'tmp_name' => '/Applications/MAMP/tmp/php/phpLhgLyx',
    'error' => 0,
    'size' => 364354,
  ),
)] 
=+=+=+=+=+=+=+=+=+=+=+=+=+=+=+=+=+=+=+=+=+=+=+=+=
 Error Stamp: [313239373835333532392e3331] 
 Error Level: [ERROR] 
 Remote Host: [www.guimpo.com] 
 Remote URI: [/admin/categoria_create.php] 
 Request Method: [POST] 
 POST Variables: [cformcategoria_name=fdsfds&ts=dbb8494487289ff41e61a9dd14b15dc4&cformcategoria_submit=Enviar] 
 Timestamp: [16/02/2011 11:52:09] 
 IP user: [127.0.0.1] 
 Error Message: [no entra al constructor de archivoarray (
  'cformcategoria_foto_es' => 
  array (
    'name' => 'cd.jpg',
    'type' => 'image/jpeg',
    'tmp_name' => '/Applications/MAMP/tmp/php/phpcykjOn',
    'error' => 0,
    'size' => 1002490,
  ),
  'cformcategoria_foto_ca' => 
  array (
    'name' => 'El-L¡mite-Hablo-Alcohol,-Bebo-Hip-Hop-(2010)CONTRAPORTADA.jpg',
    'type' => 'image/jpeg',
    'tmp_name' => '/Applications/MAMP/tmp/php/php6aKFx4',
    'error' => 0,
    'size' => 572416,
  ),
  'cformcategoria_foto_en' => 
  array (
    'name' => 'cover.jpg',
    'type' => 'image/jpeg',
    'tmp_name' => '/Applications/MAMP/tmp/php/phpLhgLyx',
    'error' => 0,
    'size' => 364354,
  ),
)] 
=+=+=+=+=+=+=+=+=+=+=+=+=+=+=+=+=+=+=+=+=+=+=+=+=
 Error Stamp: [313239373835333532392e3331] 
 Error Level: [ERROR] 
 Remote Host: [www.guimpo.com] 
 Remote URI: [/admin/categoria_create.php] 
 Request Method: [POST] 
 POST Variables: [cformcategoria_name=fdsfds&ts=dbb8494487289ff41e61a9dd14b15dc4&cformcategoria_submit=Enviar] 
 Timestamp: [16/02/2011 11:52:09] 
 IP user: [127.0.0.1] 
 Error Message: [no entra al constructor de archivoarray (
  'cformcategoria_foto_es' => 
  array (
    'name' => 'cd.jpg',
    'type' => 'image/jpeg',
    'tmp_name' => '/Applications/MAMP/tmp/php/phpcykjOn',
    'error' => 0,
    'size' => 1002490,
  ),
  'cformcategoria_foto_ca' => 
  array (
    'name' => 'El-L¡mite-Hablo-Alcohol,-Bebo-Hip-Hop-(2010)CONTRAPORTADA.jpg',
    'type' => 'image/jpeg',
    'tmp_name' => '/Applications/MAMP/tmp/php/php6aKFx4',
    'error' => 0,
    'size' => 572416,
  ),
  'cformcategoria_foto_en' => 
  array (
    'name' => 'cover.jpg',
    'type' => 'image/jpeg',
    'tmp_name' => '/Applications/MAMP/tmp/php/phpLhgLyx',
    'error' => 0,
    'size' => 364354,
  ),
)] 
=+=+=+=+=+=+=+=+=+=+=+=+=+=+=+=+=+=+=+=+=+=+=+=+=
 Error Stamp: [313239373835333532392e3332] 
 Error Level: [ERROR] 
 Remote Host: [www.guimpo.com] 
 Remote URI: [/admin/categoria_create.php] 
 Request Method: [POST] 
 POST Variables: [cformcategoria_name=fdsfds&ts=dbb8494487289ff41e61a9dd14b15dc4&cformcategoria_submit=Enviar] 
 Timestamp: [16/02/2011 11:52:09] 
 IP user: [127.0.0.1] 
 Error Message: [Error al subir la foto en la ruta /Applications/MAMP/htdocs/GuimpoPHP/img/uploads/.] 
=+=+=+=+=+=+=+=+=+=+=+=+=+=+=+=+=+=+=+=+=+=+=+=+=
 Error Stamp: [313239373835333532392e3332] 
 Error Level: [ERROR] 
 Remote Host: [www.guimpo.com] 
 Remote URI: [/admin/categoria_create.php] 
 Request Method: [POST] 
 POST Variables: [cformcategoria_name=fdsfds&ts=dbb8494487289ff41e61a9dd14b15dc4&cformcategoria_submit=Enviar] 
 Timestamp: [16/02/2011 11:52:09] 
 IP user: [127.0.0.1] 
 Error Message: [Error al subir la foto en la ruta /Applications/MAMP/htdocs/GuimpoPHP/img/uploads/.] 
=+=+=+=+=+=+=+=+=+=+=+=+=+=+=+=+=+=+=+=+=+=+=+=+=
 Error Stamp: [313239373835333532392e3332] 
 Error Level: [ERROR] 
 Remote Host: [www.guimpo.com] 
 Remote URI: [/admin/categoria_create.php] 
 Request Method: [POST] 
 POST Variables: [cformcategoria_name=fdsfds&ts=dbb8494487289ff41e61a9dd14b15dc4&cformcategoria_submit=Enviar] 
 Timestamp: [16/02/2011 11:52:09] 
 IP user: [127.0.0.1] 
 Error Message: [Error al subir la foto en la ruta /Applications/MAMP/htdocs/GuimpoPHP/img/uploads/.] 
=+=+=+=+=+=+=+=+=+=+=+=+=+=+=+=+=+=+=+=+=+=+=+=+=
 Error Stamp: [313239373835353137352e3131] 
 Error Level: [ERROR] 
 Remote Host: [ca.guimpo.com] 
 Remote URI: [/categoria_list.php] 
 Request Method: [GET] 
 GET Variables: [pag=1] 
 Timestamp: [16/02/2011 12:19:35] 
 IP user: [127.0.0.1] 
 Error Message: [UNDEFINED (list_of) IN THE FILE (/Applications/MAMP/htdocs/GuimpoPHP/generic/lng_ca/defines.php.lng).] 
=+=+=+=+=+=+=+=+=+=+=+=+=+=+=+=+=+=+=+=+=+=+=+=+=
 Error Stamp: [313239373835353137352e3131] 
 Error Level: [ERROR] 
 Remote Host: [ca.guimpo.com] 
 Remote URI: [/categoria_list.php] 
 Request Method: [GET] 
 GET Variables: [pag=1] 
 Timestamp: [16/02/2011 12:19:35] 
 IP user: [127.0.0.1] 
 Error Message: [UNDEFINED (options) IN THE FILE (/Applications/MAMP/htdocs/GuimpoPHP/generic/lng_ca/defines.php.lng).] 
=+=+=+=+=+=+=+=+=+=+=+=+=+=+=+=+=+=+=+=+=+=+=+=+=
 Error Stamp: [313239373835353137352e3131] 
 Error Level: [ERROR] 
 Remote Host: [ca.guimpo.com] 
 Remote URI: [/categoria_list.php] 
 Request Method: [GET] 
 GET Variables: [pag=1] 
 Timestamp: [16/02/2011 12:19:35] 
 IP user: [127.0.0.1] 
 Error Message: [UNDEFINED (view) IN THE FILE (/Applications/MAMP/htdocs/GuimpoPHP/generic/lng_ca/defines.php.lng).] 
=+=+=+=+=+=+=+=+=+=+=+=+=+=+=+=+=+=+=+=+=+=+=+=+=
 Error Stamp: [313239373835353137352e3131] 
 Error Level: [ERROR] 
 Remote Host: [ca.guimpo.com] 
 Remote URI: [/categoria_list.php] 
 Request Method: [GET] 
 GET Variables: [pag=1] 
 Timestamp: [16/02/2011 12:19:35] 
 IP user: [127.0.0.1] 
 Error Message: [UNDEFINED (edit) IN THE FILE (/Applications/MAMP/htdocs/GuimpoPHP/generic/lng_ca/defines.php.lng).] 
=+=+=+=+=+=+=+=+=+=+=+=+=+=+=+=+=+=+=+=+=+=+=+=+=
 Error Stamp: [313239373835353137352e3131] 
 Error Level: [ERROR] 
 Remote Host: [ca.guimpo.com] 
 Remote URI: [/categoria_list.php] 
 Request Method: [GET] 
 GET Variables: [pag=1] 
 Timestamp: [16/02/2011 12:19:35] 
 IP user: [127.0.0.1] 
 Error Message: [UNDEFINED (confirm_delete) IN THE FILE (/Applications/MAMP/htdocs/GuimpoPHP/generic/lng_ca/defines.php.lng).] 
=+=+=+=+=+=+=+=+=+=+=+=+=+=+=+=+=+=+=+=+=+=+=+=+=
 Error Stamp: [313239373835353137352e3131] 
 Error Level: [ERROR] 
 Remote Host: [ca.guimpo.com] 
 Remote URI: [/categoria_list.php] 
 Request Method: [GET] 
 GET Variables: [pag=1] 
 Timestamp: [16/02/2011 12:19:35] 
 IP user: [127.0.0.1] 
 Error Message: [UNDEFINED (delete) IN THE FILE (/Applications/MAMP/htdocs/GuimpoPHP/generic/lng_ca/defines.php.lng).] 
=+=+=+=+=+=+=+=+=+=+=+=+=+=+=+=+=+=+=+=+=+=+=+=+=
 Error Stamp: [313239373835353137352e3131] 
 Error Level: [ERROR] 
 Remote Host: [ca.guimpo.com] 
 Remote URI: [/categoria_list.php] 
 Request Method: [GET] 
 GET Variables: [pag=1] 
 Timestamp: [16/02/2011 12:19:35] 
 IP user: [127.0.0.1] 
 Error Message: [UNDEFINED (new_item) IN THE FILE (/Applications/MAMP/htdocs/GuimpoPHP/generic/lng_ca/defines.php.lng).] 
=+=+=+=+=+=+=+=+=+=+=+=+=+=+=+=+=+=+=+=+=+=+=+=+=
 Error Stamp: [313239373835353233372e3938] 
 Error Level: [ERROR] 
 Remote Host: [ca.guimpo.com] 
 Remote URI: [/categoria_list.php] 
 Request Method: [GET] 
 GET Variables: [pag=1] 
 Timestamp: [16/02/2011 12:20:37] 
 IP user: [127.0.0.1] 
 Error Message: [UNDEFINED (list_of) IN THE FILE (/Applications/MAMP/htdocs/GuimpoPHP/generic/lng_ca/defines.php.lng).] 
=+=+=+=+=+=+=+=+=+=+=+=+=+=+=+=+=+=+=+=+=+=+=+=+=
 Error Stamp: [313239373835353233372e3938] 
 Error Level: [ERROR] 
 Remote Host: [ca.guimpo.com] 
 Remote URI: [/categoria_list.php] 
 Request Method: [GET] 
 GET Variables: [pag=1] 
 Timestamp: [16/02/2011 12:20:37] 
 IP user: [127.0.0.1] 
 Error Message: [UNDEFINED (options) IN THE FILE (/Applications/MAMP/htdocs/GuimpoPHP/generic/lng_ca/defines.php.lng).] 
=+=+=+=+=+=+=+=+=+=+=+=+=+=+=+=+=+=+=+=+=+=+=+=+=
 Error Stamp: [313239373835353233372e3938] 
 Error Level: [ERROR] 
 Remote Host: [ca.guimpo.com] 
 Remote URI: [/categoria_list.php] 
 Request Method: [GET] 
 GET Variables: [pag=1] 
 Timestamp: [16/02/2011 12:20:37] 
 IP user: [127.0.0.1] 
 Error Message: [UNDEFINED (view) IN THE FILE (/Applications/MAMP/htdocs/GuimpoPHP/generic/lng_ca/defines.php.lng).] 
=+=+=+=+=+=+=+=+=+=+=+=+=+=+=+=+=+=+=+=+=+=+=+=+=
 Error Stamp: [313239373835353233372e3938] 
 Error Level: [ERROR] 
 Remote Host: [ca.guimpo.com] 
 Remote URI: [/categoria_list.php] 
 Request Method: [GET] 
 GET Variables: [pag=1] 
 Timestamp: [16/02/2011 12:20:37] 
 IP user: [127.0.0.1] 
 Error Message: [UNDEFINED (edit) IN THE FILE (/Applications/MAMP/htdocs/GuimpoPHP/generic/lng_ca/defines.php.lng).] 
=+=+=+=+=+=+=+=+=+=+=+=+=+=+=+=+=+=+=+=+=+=+=+=+=
 Error Stamp: [313239373835353233372e3938] 
 Error Level: [ERROR] 
 Remote Host: [ca.guimpo.com] 
 Remote URI: [/categoria_list.php] 
 Request Method: [GET] 
 GET Variables: [pag=1] 
 Timestamp: [16/02/2011 12:20:37] 
 IP user: [127.0.0.1] 
 Error Message: [UNDEFINED (confirm_delete) IN THE FILE (/Applications/MAMP/htdocs/GuimpoPHP/generic/lng_ca/defines.php.lng).] 
=+=+=+=+=+=+=+=+=+=+=+=+=+=+=+=+=+=+=+=+=+=+=+=+=
 Error Stamp: [313239373835353233372e3938] 
 Error Level: [ERROR] 
 Remote Host: [ca.guimpo.com] 
 Remote URI: [/categoria_list.php] 
 Request Method: [GET] 
 GET Variables: [pag=1] 
 Timestamp: [16/02/2011 12:20:37] 
 IP user: [127.0.0.1] 
 Error Message: [UNDEFINED (delete) IN THE FILE (/Applications/MAMP/htdocs/GuimpoPHP/generic/lng_ca/defines.php.lng).] 
=+=+=+=+=+=+=+=+=+=+=+=+=+=+=+=+=+=+=+=+=+=+=+=+=
 Error Stamp: [313239373835353233372e3938] 
 Error Level: [ERROR] 
 Remote Host: [ca.guimpo.com] 
 Remote URI: [/categoria_list.php] 
 Request Method: [GET] 
 GET Variables: [pag=1] 
 Timestamp: [16/02/2011 12:20:37] 
 IP user: [127.0.0.1] 
 Error Message: [UNDEFINED (new_item) IN THE FILE (/Applications/MAMP/htdocs/GuimpoPHP/generic/lng_ca/defines.php.lng).] 
=+=+=+=+=+=+=+=+=+=+=+=+=+=+=+=+=+=+=+=+=+=+=+=+=
 Error Stamp: [313239373835353233392e3639] 
 Error Level: [ERROR] 
 Remote Host: [en.guimpo.com] 
 Remote URI: [/categoria_list.php] 
 Request Method: [GET] 
 GET Variables: [pag=1] 
 Timestamp: [16/02/2011 12:20:39] 
 IP user: [127.0.0.1] 
 Error Message: [UNDEFINED (list_of) IN THE FILE (/Applications/MAMP/htdocs/GuimpoPHP/generic/lng_en/defines.php.lng).] 
=+=+=+=+=+=+=+=+=+=+=+=+=+=+=+=+=+=+=+=+=+=+=+=+=
 Error Stamp: [313239373835353233392e3639] 
 Error Level: [ERROR] 
 Remote Host: [en.guimpo.com] 
 Remote URI: [/categoria_list.php] 
 Request Method: [GET] 
 GET Variables: [pag=1] 
 Timestamp: [16/02/2011 12:20:39] 
 IP user: [127.0.0.1] 
 Error Message: [UNDEFINED (options) IN THE FILE (/Applications/MAMP/htdocs/GuimpoPHP/generic/lng_en/defines.php.lng).] 
=+=+=+=+=+=+=+=+=+=+=+=+=+=+=+=+=+=+=+=+=+=+=+=+=
 Error Stamp: [313239373835353233392e37] 
 Error Level: [ERROR] 
 Remote Host: [en.guimpo.com] 
 Remote URI: [/categoria_list.php] 
 Request Method: [GET] 
 GET Variables: [pag=1] 
 Timestamp: [16/02/2011 12:20:39] 
 IP user: [127.0.0.1] 
 Error Message: [UNDEFINED (view) IN THE FILE (/Applications/MAMP/htdocs/GuimpoPHP/generic/lng_en/defines.php.lng).] 
=+=+=+=+=+=+=+=+=+=+=+=+=+=+=+=+=+=+=+=+=+=+=+=+=
 Error Stamp: [313239373835353233392e37] 
 Error Level: [ERROR] 
 Remote Host: [en.guimpo.com] 
 Remote URI: [/categoria_list.php] 
 Request Method: [GET] 
 GET Variables: [pag=1] 
 Timestamp: [16/02/2011 12:20:39] 
 IP user: [127.0.0.1] 
 Error Message: [UNDEFINED (edit) IN THE FILE (/Applications/MAMP/htdocs/GuimpoPHP/generic/lng_en/defines.php.lng).] 
=+=+=+=+=+=+=+=+=+=+=+=+=+=+=+=+=+=+=+=+=+=+=+=+=
 Error Stamp: [313239373835353233392e37] 
 Error Level: [ERROR] 
 Remote Host: [en.guimpo.com] 
 Remote URI: [/categoria_list.php] 
 Request Method: [GET] 
 GET Variables: [pag=1] 
 Timestamp: [16/02/2011 12:20:39] 
 IP user: [127.0.0.1] 
 Error Message: [UNDEFINED (confirm_delete) IN THE FILE (/Applications/MAMP/htdocs/GuimpoPHP/generic/lng_en/defines.php.lng).] 
=+=+=+=+=+=+=+=+=+=+=+=+=+=+=+=+=+=+=+=+=+=+=+=+=
 Error Stamp: [313239373835353233392e37] 
 Error Level: [ERROR] 
 Remote Host: [en.guimpo.com] 
 Remote URI: [/categoria_list.php] 
 Request Method: [GET] 
 GET Variables: [pag=1] 
 Timestamp: [16/02/2011 12:20:39] 
 IP user: [127.0.0.1] 
 Error Message: [UNDEFINED (delete) IN THE FILE (/Applications/MAMP/htdocs/GuimpoPHP/generic/lng_en/defines.php.lng).] 
=+=+=+=+=+=+=+=+=+=+=+=+=+=+=+=+=+=+=+=+=+=+=+=+=
 Error Stamp: [313239373835353233392e37] 
 Error Level: [ERROR] 
 Remote Host: [en.guimpo.com] 
 Remote URI: [/categoria_list.php] 
 Request Method: [GET] 
 GET Variables: [pag=1] 
 Timestamp: [16/02/2011 12:20:39] 
 IP user: [127.0.0.1] 
 Error Message: [UNDEFINED (new_item) IN THE FILE (/Applications/MAMP/htdocs/GuimpoPHP/generic/lng_en/defines.php.lng).] 
=+=+=+=+=+=+=+=+=+=+=+=+=+=+=+=+=+=+=+=+=+=+=+=+=
 Error Stamp: [313239373835353234322e33] 
 Error Level: [ERROR] 
 Remote Host: [en.guimpo.com] 
 Remote URI: [/categoria_list.php] 
 Request Method: [GET] 
 GET Variables: [pag=1] 
 Timestamp: [16/02/2011 12:20:42] 
 IP user: [127.0.0.1] 
 Error Message: [UNDEFINED (list_of) IN THE FILE (/Applications/MAMP/htdocs/GuimpoPHP/generic/lng_en/defines.php.lng).] 
=+=+=+=+=+=+=+=+=+=+=+=+=+=+=+=+=+=+=+=+=+=+=+=+=
 Error Stamp: [313239373835353234322e33] 
 Error Level: [ERROR] 
 Remote Host: [en.guimpo.com] 
 Remote URI: [/categoria_list.php] 
 Request Method: [GET] 
 GET Variables: [pag=1] 
 Timestamp: [16/02/2011 12:20:42] 
 IP user: [127.0.0.1] 
 Error Message: [UNDEFINED (options) IN THE FILE (/Applications/MAMP/htdocs/GuimpoPHP/generic/lng_en/defines.php.lng).] 
=+=+=+=+=+=+=+=+=+=+=+=+=+=+=+=+=+=+=+=+=+=+=+=+=
 Error Stamp: [313239373835353234322e33] 
 Error Level: [ERROR] 
 Remote Host: [en.guimpo.com] 
 Remote URI: [/categoria_list.php] 
 Request Method: [GET] 
 GET Variables: [pag=1] 
 Timestamp: [16/02/2011 12:20:42] 
 IP user: [127.0.0.1] 
 Error Message: [UNDEFINED (view) IN THE FILE (/Applications/MAMP/htdocs/GuimpoPHP/generic/lng_en/defines.php.lng).] 
=+=+=+=+=+=+=+=+=+=+=+=+=+=+=+=+=+=+=+=+=+=+=+=+=
 Error Stamp: [313239373835353234322e33] 
 Error Level: [ERROR] 
 Remote Host: [en.guimpo.com] 
 Remote URI: [/categoria_list.php] 
 Request Method: [GET] 
 GET Variables: [pag=1] 
 Timestamp: [16/02/2011 12:20:42] 
 IP user: [127.0.0.1] 
 Error Message: [UNDEFINED (edit) IN THE FILE (/Applications/MAMP/htdocs/GuimpoPHP/generic/lng_en/defines.php.lng).] 
=+=+=+=+=+=+=+=+=+=+=+=+=+=+=+=+=+=+=+=+=+=+=+=+=
 Error Stamp: [313239373835353234322e33] 
 Error Level: [ERROR] 
 Remote Host: [en.guimpo.com] 
 Remote URI: [/categoria_list.php] 
 Request Method: [GET] 
 GET Variables: [pag=1] 
 Timestamp: [16/02/2011 12:20:42] 
 IP user: [127.0.0.1] 
 Error Message: [UNDEFINED (confirm_delete) IN THE FILE (/Applications/MAMP/htdocs/GuimpoPHP/generic/lng_en/defines.php.lng).] 
=+=+=+=+=+=+=+=+=+=+=+=+=+=+=+=+=+=+=+=+=+=+=+=+=
 Error Stamp: [313239373835353234322e33] 
 Error Level: [ERROR] 
 Remote Host: [en.guimpo.com] 
 Remote URI: [/categoria_list.php] 
 Request Method: [GET] 
 GET Variables: [pag=1] 
 Timestamp: [16/02/2011 12:20:42] 
 IP user: [127.0.0.1] 
 Error Message: [UNDEFINED (delete) IN THE FILE (/Applications/MAMP/htdocs/GuimpoPHP/generic/lng_en/defines.php.lng).] 
=+=+=+=+=+=+=+=+=+=+=+=+=+=+=+=+=+=+=+=+=+=+=+=+=
 Error Stamp: [313239373835353234322e33] 
 Error Level: [ERROR] 
 Remote Host: [en.guimpo.com] 
 Remote URI: [/categoria_list.php] 
 Request Method: [GET] 
 GET Variables: [pag=1] 
 Timestamp: [16/02/2011 12:20:42] 
 IP user: [127.0.0.1] 
 Error Message: [UNDEFINED (new_item) IN THE FILE (/Applications/MAMP/htdocs/GuimpoPHP/generic/lng_en/defines.php.lng).] 
=+=+=+=+=+=+=+=+=+=+=+=+=+=+=+=+=+=+=+=+=+=+=+=+=
 Error Stamp: [313239373835353234372e3231] 
 Error Level: [ERROR] 
 Remote Host: [ca.guimpo.com] 
 Remote URI: [/categoria_list.php] 
 Request Method: [GET] 
 GET Variables: [pag=1] 
 Timestamp: [16/02/2011 12:20:47] 
 IP user: [127.0.0.1] 
 Error Message: [UNDEFINED (list_of) IN THE FILE (/Applications/MAMP/htdocs/GuimpoPHP/generic/lng_ca/defines.php.lng).] 
=+=+=+=+=+=+=+=+=+=+=+=+=+=+=+=+=+=+=+=+=+=+=+=+=
 Error Stamp: [313239373835353234372e3231] 
 Error Level: [ERROR] 
 Remote Host: [ca.guimpo.com] 
 Remote URI: [/categoria_list.php] 
 Request Method: [GET] 
 GET Variables: [pag=1] 
 Timestamp: [16/02/2011 12:20:47] 
 IP user: [127.0.0.1] 
 Error Message: [UNDEFINED (options) IN THE FILE (/Applications/MAMP/htdocs/GuimpoPHP/generic/lng_ca/defines.php.lng).] 
=+=+=+=+=+=+=+=+=+=+=+=+=+=+=+=+=+=+=+=+=+=+=+=+=
 Error Stamp: [313239373835353234372e3231] 
 Error Level: [ERROR] 
 Remote Host: [ca.guimpo.com] 
 Remote URI: [/categoria_list.php] 
 Request Method: [GET] 
 GET Variables: [pag=1] 
 Timestamp: [16/02/2011 12:20:47] 
 IP user: [127.0.0.1] 
 Error Message: [UNDEFINED (view) IN THE FILE (/Applications/MAMP/htdocs/GuimpoPHP/generic/lng_ca/defines.php.lng).] 
=+=+=+=+=+=+=+=+=+=+=+=+=+=+=+=+=+=+=+=+=+=+=+=+=
 Error Stamp: [313239373835353234372e3231] 
 Error Level: [ERROR] 
 Remote Host: [ca.guimpo.com] 
 Remote URI: [/categoria_list.php] 
 Request Method: [GET] 
 GET Variables: [pag=1] 
 Timestamp: [16/02/2011 12:20:47] 
 IP user: [127.0.0.1] 
 Error Message: [UNDEFINED (edit) IN THE FILE (/Applications/MAMP/htdocs/GuimpoPHP/generic/lng_ca/defines.php.lng).] 
=+=+=+=+=+=+=+=+=+=+=+=+=+=+=+=+=+=+=+=+=+=+=+=+=
 Error Stamp: [313239373835353234372e3231] 
 Error Level: [ERROR] 
 Remote Host: [ca.guimpo.com] 
 Remote URI: [/categoria_list.php] 
 Request Method: [GET] 
 GET Variables: [pag=1] 
 Timestamp: [16/02/2011 12:20:47] 
 IP user: [127.0.0.1] 
 Error Message: [UNDEFINED (confirm_delete) IN THE FILE (/Applications/MAMP/htdocs/GuimpoPHP/generic/lng_ca/defines.php.lng).] 
=+=+=+=+=+=+=+=+=+=+=+=+=+=+=+=+=+=+=+=+=+=+=+=+=
 Error Stamp: [313239373835353234372e3231] 
 Error Level: [ERROR] 
 Remote Host: [ca.guimpo.com] 
 Remote URI: [/categoria_list.php] 
 Request Method: [GET] 
 GET Variables: [pag=1] 
 Timestamp: [16/02/2011 12:20:47] 
 IP user: [127.0.0.1] 
 Error Message: [UNDEFINED (delete) IN THE FILE (/Applications/MAMP/htdocs/GuimpoPHP/generic/lng_ca/defines.php.lng).] 
=+=+=+=+=+=+=+=+=+=+=+=+=+=+=+=+=+=+=+=+=+=+=+=+=
 Error Stamp: [313239373835353234372e3231] 
 Error Level: [ERROR] 
 Remote Host: [ca.guimpo.com] 
 Remote URI: [/categoria_list.php] 
 Request Method: [GET] 
 GET Variables: [pag=1] 
 Timestamp: [16/02/2011 12:20:47] 
 IP user: [127.0.0.1] 
 Error Message: [UNDEFINED (new_item) IN THE FILE (/Applications/MAMP/htdocs/GuimpoPHP/generic/lng_ca/defines.php.lng).] 
=+=+=+=+=+=+=+=+=+=+=+=+=+=+=+=+=+=+=+=+=+=+=+=+=
 Error Stamp: [313239373835353234382e3937] 
 Error Level: [ERROR] 
 Remote Host: [en.guimpo.com] 
 Remote URI: [/categoria_list.php] 
 Request Method: [GET] 
 GET Variables: [pag=1] 
 Timestamp: [16/02/2011 12:20:48] 
 IP user: [127.0.0.1] 
 Error Message: [UNDEFINED (list_of) IN THE FILE (/Applications/MAMP/htdocs/GuimpoPHP/generic/lng_en/defines.php.lng).] 
=+=+=+=+=+=+=+=+=+=+=+=+=+=+=+=+=+=+=+=+=+=+=+=+=
 Error Stamp: [313239373835353234382e3938] 
 Error Level: [ERROR] 
 Remote Host: [en.guimpo.com] 
 Remote URI: [/categoria_list.php] 
 Request Method: [GET] 
 GET Variables: [pag=1] 
 Timestamp: [16/02/2011 12:20:48] 
 IP user: [127.0.0.1] 
 Error Message: [UNDEFINED (options) IN THE FILE (/Applications/MAMP/htdocs/GuimpoPHP/generic/lng_en/defines.php.lng).] 
=+=+=+=+=+=+=+=+=+=+=+=+=+=+=+=+=+=+=+=+=+=+=+=+=
 Error Stamp: [313239373835353234382e3938] 
 Error Level: [ERROR] 
 Remote Host: [en.guimpo.com] 
 Remote URI: [/categoria_list.php] 
 Request Method: [GET] 
 GET Variables: [pag=1] 
 Timestamp: [16/02/2011 12:20:48] 
 IP user: [127.0.0.1] 
 Error Message: [UNDEFINED (view) IN THE FILE (/Applications/MAMP/htdocs/GuimpoPHP/generic/lng_en/defines.php.lng).] 
=+=+=+=+=+=+=+=+=+=+=+=+=+=+=+=+=+=+=+=+=+=+=+=+=
 Error Stamp: [313239373835353234382e3938] 
 Error Level: [ERROR] 
 Remote Host: [en.guimpo.com] 
 Remote URI: [/categoria_list.php] 
 Request Method: [GET] 
 GET Variables: [pag=1] 
 Timestamp: [16/02/2011 12:20:48] 
 IP user: [127.0.0.1] 
 Error Message: [UNDEFINED (edit) IN THE FILE (/Applications/MAMP/htdocs/GuimpoPHP/generic/lng_en/defines.php.lng).] 
=+=+=+=+=+=+=+=+=+=+=+=+=+=+=+=+=+=+=+=+=+=+=+=+=
 Error Stamp: [313239373835353234382e3938] 
 Error Level: [ERROR] 
 Remote Host: [en.guimpo.com] 
 Remote URI: [/categoria_list.php] 
 Request Method: [GET] 
 GET Variables: [pag=1] 
 Timestamp: [16/02/2011 12:20:48] 
 IP user: [127.0.0.1] 
 Error Message: [UNDEFINED (confirm_delete) IN THE FILE (/Applications/MAMP/htdocs/GuimpoPHP/generic/lng_en/defines.php.lng).] 
=+=+=+=+=+=+=+=+=+=+=+=+=+=+=+=+=+=+=+=+=+=+=+=+=
 Error Stamp: [313239373835353234382e3938] 
 Error Level: [ERROR] 
 Remote Host: [en.guimpo.com] 
 Remote URI: [/categoria_list.php] 
 Request Method: [GET] 
 GET Variables: [pag=1] 
 Timestamp: [16/02/2011 12:20:48] 
 IP user: [127.0.0.1] 
 Error Message: [UNDEFINED (delete) IN THE FILE (/Applications/MAMP/htdocs/GuimpoPHP/generic/lng_en/defines.php.lng).] 
=+=+=+=+=+=+=+=+=+=+=+=+=+=+=+=+=+=+=+=+=+=+=+=+=
 Error Stamp: [313239373835353234382e3938] 
 Error Level: [ERROR] 
 Remote Host: [en.guimpo.com] 
 Remote URI: [/categoria_list.php] 
 Request Method: [GET] 
 GET Variables: [pag=1] 
 Timestamp: [16/02/2011 12:20:48] 
 IP user: [127.0.0.1] 
 Error Message: [UNDEFINED (new_item) IN THE FILE (/Applications/MAMP/htdocs/GuimpoPHP/generic/lng_en/defines.php.lng).] 
=+=+=+=+=+=+=+=+=+=+=+=+=+=+=+=+=+=+=+=+=+=+=+=+=
 Error Stamp: [313239373835353537332e3238] 
 Error Level: [ERROR] 
 Remote Host: [ca.guimpo.com] 
 Remote URI: [/categoria.php] 
 Request Method: [GET] 
 GET Variables: [stripped=sdfasdf] 
 Timestamp: [16/02/2011 12:26:13] 
 IP user: [127.0.0.1] 
 Error Message: [UNDEFINED (return) IN THE FILE (/Applications/MAMP/htdocs/GuimpoPHP/generic/lng_ca/defines.php.lng).] 
=+=+=+=+=+=+=+=+=+=+=+=+=+=+=+=+=+=+=+=+=+=+=+=+=
 Error Stamp: [313239373835353537342e3932] 
 Error Level: [ERROR] 
 Remote Host: [en.guimpo.com] 
 Remote URI: [/categoria.php] 
 Request Method: [GET] 
 GET Variables: [stripped=sdfasdf] 
 Timestamp: [16/02/2011 12:26:14] 
 IP user: [127.0.0.1] 
 Error Message: [UNDEFINED (return) IN THE FILE (/Applications/MAMP/htdocs/GuimpoPHP/generic/lng_en/defines.php.lng).] 
=+=+=+=+=+=+=+=+=+=+=+=+=+=+=+=+=+=+=+=+=+=+=+=+=
 Error Stamp: [313239373835353537382e3432] 
 Error Level: [ERROR] 
 Remote Host: [ca.guimpo.com] 
 Remote URI: [/categoria.php] 
 Request Method: [GET] 
 GET Variables: [stripped=sdfasdf] 
 Timestamp: [16/02/2011 12:26:18] 
 IP user: [127.0.0.1] 
 Error Message: [UNDEFINED (return) IN THE FILE (/Applications/MAMP/htdocs/GuimpoPHP/generic/lng_ca/defines.php.lng).] 
=+=+=+=+=+=+=+=+=+=+=+=+=+=+=+=+=+=+=+=+=+=+=+=+=
 Error Stamp: [313239373835353537392e3538] 
 Error Level: [ERROR] 
 Remote Host: [en.guimpo.com] 
 Remote URI: [/categoria.php] 
 Request Method: [GET] 
 GET Variables: [stripped=sdfasdf] 
 Timestamp: [16/02/2011 12:26:19] 
 IP user: [127.0.0.1] 
 Error Message: [UNDEFINED (return) IN THE FILE (/Applications/MAMP/htdocs/GuimpoPHP/generic/lng_en/defines.php.lng).] 
=+=+=+=+=+=+=+=+=+=+=+=+=+=+=+=+=+=+=+=+=+=+=+=+=
 Error Stamp: [313239373835353538332e3438] 
 Error Level: [ERROR] 
 Remote Host: [ca.guimpo.com] 
 Remote URI: [/categoria.php] 
 Request Method: [GET] 
 GET Variables: [stripped=sdfasdf] 
 Timestamp: [16/02/2011 12:26:23] 
 IP user: [127.0.0.1] 
 Error Message: [UNDEFINED (return) IN THE FILE (/Applications/MAMP/htdocs/GuimpoPHP/generic/lng_ca/defines.php.lng).] 
=+=+=+=+=+=+=+=+=+=+=+=+=+=+=+=+=+=+=+=+=+=+=+=+=
 Error Stamp: [313239373835353538342e3434] 
 Error Level: [ERROR] 
 Remote Host: [en.guimpo.com] 
 Remote URI: [/categoria.php] 
 Request Method: [GET] 
 GET Variables: [stripped=sdfasdf] 
 Timestamp: [16/02/2011 12:26:24] 
 IP user: [127.0.0.1] 
 Error Message: [UNDEFINED (return) IN THE FILE (/Applications/MAMP/htdocs/GuimpoPHP/generic/lng_en/defines.php.lng).] 
=+=+=+=+=+=+=+=+=+=+=+=+=+=+=+=+=+=+=+=+=+=+=+=+=
 Error Stamp: [313239373835353538382e3631] 
 Error Level: [ERROR] 
 Remote Host: [ca.guimpo.com] 
 Remote URI: [/categoria.php] 
 Request Method: [GET] 
 GET Variables: [stripped=sdfasdf] 
 Timestamp: [16/02/2011 12:26:28] 
 IP user: [127.0.0.1] 
 Error Message: [UNDEFINED (return) IN THE FILE (/Applications/MAMP/htdocs/GuimpoPHP/generic/lng_ca/defines.php.lng).] 
=+=+=+=+=+=+=+=+=+=+=+=+=+=+=+=+=+=+=+=+=+=+=+=+=
 Error Stamp: [313239373835353538392e3636] 
 Error Level: [ERROR] 
 Remote Host: [en.guimpo.com] 
 Remote URI: [/categoria.php] 
 Request Method: [GET] 
 GET Variables: [stripped=sdfasdf] 
 Timestamp: [16/02/2011 12:26:29] 
 IP user: [127.0.0.1] 
 Error Message: [UNDEFINED (return) IN THE FILE (/Applications/MAMP/htdocs/GuimpoPHP/generic/lng_en/defines.php.lng).] 
=+=+=+=+=+=+=+=+=+=+=+=+=+=+=+=+=+=+=+=+=+=+=+=+=
 Error Stamp: [313239373835363832322e31] 
 Error Level: [ERROR] 
 Remote Host: [en.guimpo.com] 
 Remote URI: [/categoria_list.php] 
 Request Method: [GET] 
 GET Variables: [pag=1] 
 Timestamp: [16/02/2011 12:47:02] 
 IP user: [127.0.0.1] 
 Error Message: [UNDEFINED (list_of) IN THE FILE (/Applications/MAMP/htdocs/GuimpoPHP/generic/lng_en/defines.php.lng).] 
=+=+=+=+=+=+=+=+=+=+=+=+=+=+=+=+=+=+=+=+=+=+=+=+=
 Error Stamp: [313239373835363832322e31] 
 Error Level: [ERROR] 
 Remote Host: [en.guimpo.com] 
 Remote URI: [/categoria_list.php] 
 Request Method: [GET] 
 GET Variables: [pag=1] 
 Timestamp: [16/02/2011 12:47:02] 
 IP user: [127.0.0.1] 
 Error Message: [UNDEFINED (options) IN THE FILE (/Applications/MAMP/htdocs/GuimpoPHP/generic/lng_en/defines.php.lng).] 
=+=+=+=+=+=+=+=+=+=+=+=+=+=+=+=+=+=+=+=+=+=+=+=+=
 Error Stamp: [313239373835363832322e3131] 
 Error Level: [ERROR] 
 Remote Host: [en.guimpo.com] 
 Remote URI: [/categoria_list.php] 
 Request Method: [GET] 
 GET Variables: [pag=1] 
 Timestamp: [16/02/2011 12:47:02] 
 IP user: [127.0.0.1] 
 Error Message: [UNDEFINED (view) IN THE FILE (/Applications/MAMP/htdocs/GuimpoPHP/generic/lng_en/defines.php.lng).] 
=+=+=+=+=+=+=+=+=+=+=+=+=+=+=+=+=+=+=+=+=+=+=+=+=
 Error Stamp: [313239373835363832322e3131] 
 Error Level: [ERROR] 
 Remote Host: [en.guimpo.com] 
 Remote URI: [/categoria_list.php] 
 Request Method: [GET] 
 GET Variables: [pag=1] 
 Timestamp: [16/02/2011 12:47:02] 
 IP user: [127.0.0.1] 
 Error Message: [UNDEFINED (edit) IN THE FILE (/Applications/MAMP/htdocs/GuimpoPHP/generic/lng_en/defines.php.lng).] 
=+=+=+=+=+=+=+=+=+=+=+=+=+=+=+=+=+=+=+=+=+=+=+=+=
 Error Stamp: [313239373835363832322e3131] 
 Error Level: [ERROR] 
 Remote Host: [en.guimpo.com] 
 Remote URI: [/categoria_list.php] 
 Request Method: [GET] 
 GET Variables: [pag=1] 
 Timestamp: [16/02/2011 12:47:02] 
 IP user: [127.0.0.1] 
 Error Message: [UNDEFINED (confirm_delete) IN THE FILE (/Applications/MAMP/htdocs/GuimpoPHP/generic/lng_en/defines.php.lng).] 
=+=+=+=+=+=+=+=+=+=+=+=+=+=+=+=+=+=+=+=+=+=+=+=+=
 Error Stamp: [313239373835363832322e3131] 
 Error Level: [ERROR] 
 Remote Host: [en.guimpo.com] 
 Remote URI: [/categoria_list.php] 
 Request Method: [GET] 
 GET Variables: [pag=1] 
 Timestamp: [16/02/2011 12:47:02] 
 IP user: [127.0.0.1] 
 Error Message: [UNDEFINED (delete) IN THE FILE (/Applications/MAMP/htdocs/GuimpoPHP/generic/lng_en/defines.php.lng).] 
=+=+=+=+=+=+=+=+=+=+=+=+=+=+=+=+=+=+=+=+=+=+=+=+=
 Error Stamp: [313239373835363832322e3131] 
 Error Level: [ERROR] 
 Remote Host: [en.guimpo.com] 
 Remote URI: [/categoria_list.php] 
 Request Method: [GET] 
 GET Variables: [pag=1] 
 Timestamp: [16/02/2011 12:47:02] 
 IP user: [127.0.0.1] 
 Error Message: [UNDEFINED (new_item) IN THE FILE (/Applications/MAMP/htdocs/GuimpoPHP/generic/lng_en/defines.php.lng).] 
=+=+=+=+=+=+=+=+=+=+=+=+=+=+=+=+=+=+=+=+=+=+=+=+=
 Error Stamp: [313239373835363832332e3334] 
 Error Level: [ERROR] 
 Remote Host: [ca.guimpo.com] 
 Remote URI: [/categoria_list.php] 
 Request Method: [GET] 
 GET Variables: [pag=1] 
 Timestamp: [16/02/2011 12:47:03] 
 IP user: [127.0.0.1] 
 Error Message: [UNDEFINED (list_of) IN THE FILE (/Applications/MAMP/htdocs/GuimpoPHP/generic/lng_ca/defines.php.lng).] 
=+=+=+=+=+=+=+=+=+=+=+=+=+=+=+=+=+=+=+=+=+=+=+=+=
 Error Stamp: [313239373835363832332e3334] 
 Error Level: [ERROR] 
 Remote Host: [ca.guimpo.com] 
 Remote URI: [/categoria_list.php] 
 Request Method: [GET] 
 GET Variables: [pag=1] 
 Timestamp: [16/02/2011 12:47:03] 
 IP user: [127.0.0.1] 
 Error Message: [UNDEFINED (options) IN THE FILE (/Applications/MAMP/htdocs/GuimpoPHP/generic/lng_ca/defines.php.lng).] 
=+=+=+=+=+=+=+=+=+=+=+=+=+=+=+=+=+=+=+=+=+=+=+=+=
 Error Stamp: [313239373835363832332e3334] 
 Error Level: [ERROR] 
 Remote Host: [ca.guimpo.com] 
 Remote URI: [/categoria_list.php] 
 Request Method: [GET] 
 GET Variables: [pag=1] 
 Timestamp: [16/02/2011 12:47:03] 
 IP user: [127.0.0.1] 
 Error Message: [UNDEFINED (view) IN THE FILE (/Applications/MAMP/htdocs/GuimpoPHP/generic/lng_ca/defines.php.lng).] 
=+=+=+=+=+=+=+=+=+=+=+=+=+=+=+=+=+=+=+=+=+=+=+=+=
 Error Stamp: [313239373835363832332e3334] 
 Error Level: [ERROR] 
 Remote Host: [ca.guimpo.com] 
 Remote URI: [/categoria_list.php] 
 Request Method: [GET] 
 GET Variables: [pag=1] 
 Timestamp: [16/02/2011 12:47:03] 
 IP user: [127.0.0.1] 
 Error Message: [UNDEFINED (edit) IN THE FILE (/Applications/MAMP/htdocs/GuimpoPHP/generic/lng_ca/defines.php.lng).] 
=+=+=+=+=+=+=+=+=+=+=+=+=+=+=+=+=+=+=+=+=+=+=+=+=
 Error Stamp: [313239373835363832332e3334] 
 Error Level: [ERROR] 
 Remote Host: [ca.guimpo.com] 
 Remote URI: [/categoria_list.php] 
 Request Method: [GET] 
 GET Variables: [pag=1] 
 Timestamp: [16/02/2011 12:47:03] 
 IP user: [127.0.0.1] 
 Error Message: [UNDEFINED (confirm_delete) IN THE FILE (/Applications/MAMP/htdocs/GuimpoPHP/generic/lng_ca/defines.php.lng).] 
=+=+=+=+=+=+=+=+=+=+=+=+=+=+=+=+=+=+=+=+=+=+=+=+=
 Error Stamp: [313239373835363832332e3334] 
 Error Level: [ERROR] 
 Remote Host: [ca.guimpo.com] 
 Remote URI: [/categoria_list.php] 
 Request Method: [GET] 
 GET Variables: [pag=1] 
 Timestamp: [16/02/2011 12:47:03] 
 IP user: [127.0.0.1] 
 Error Message: [UNDEFINED (delete) IN THE FILE (/Applications/MAMP/htdocs/GuimpoPHP/generic/lng_ca/defines.php.lng).] 
=+=+=+=+=+=+=+=+=+=+=+=+=+=+=+=+=+=+=+=+=+=+=+=+=
 Error Stamp: [313239373835363832332e3334] 
 Error Level: [ERROR] 
 Remote Host: [ca.guimpo.com] 
 Remote URI: [/categoria_list.php] 
 Request Method: [GET] 
 GET Variables: [pag=1] 
 Timestamp: [16/02/2011 12:47:03] 
 IP user: [127.0.0.1] 
 Error Message: [UNDEFINED (new_item) IN THE FILE (/Applications/MAMP/htdocs/GuimpoPHP/generic/lng_ca/defines.php.lng).] 
=+=+=+=+=+=+=+=+=+=+=+=+=+=+=+=+=+=+=+=+=+=+=+=+=
 Error Stamp: [313239373835383931332e3338] 
 Error Level: [ERROR] 
 Remote Host: [ca.guimpo.com] 
 Remote URI: [/categoria_list.php] 
 Request Method: [GET] 
 GET Variables: [pag=1] 
 Timestamp: [16/02/2011 13:21:53] 
 IP user: [127.0.0.1] 
 Error Message: [UNDEFINED (list_of) IN THE FILE (/Applications/MAMP/htdocs/GuimpoPHP/generic/lng_ca/defines.php.lng).] 
=+=+=+=+=+=+=+=+=+=+=+=+=+=+=+=+=+=+=+=+=+=+=+=+=
 Error Stamp: [313239373835383931332e3338] 
 Error Level: [ERROR] 
 Remote Host: [ca.guimpo.com] 
 Remote URI: [/categoria_list.php] 
 Request Method: [GET] 
 GET Variables: [pag=1] 
 Timestamp: [16/02/2011 13:21:53] 
 IP user: [127.0.0.1] 
 Error Message: [UNDEFINED (options) IN THE FILE (/Applications/MAMP/htdocs/GuimpoPHP/generic/lng_ca/defines.php.lng).] 
=+=+=+=+=+=+=+=+=+=+=+=+=+=+=+=+=+=+=+=+=+=+=+=+=
 Error Stamp: [313239373835383931332e3338] 
 Error Level: [ERROR] 
 Remote Host: [ca.guimpo.com] 
 Remote URI: [/categoria_list.php] 
 Request Method: [GET] 
 GET Variables: [pag=1] 
 Timestamp: [16/02/2011 13:21:53] 
 IP user: [127.0.0.1] 
 Error Message: [UNDEFINED (view) IN THE FILE (/Applications/MAMP/htdocs/GuimpoPHP/generic/lng_ca/defines.php.lng).] 
=+=+=+=+=+=+=+=+=+=+=+=+=+=+=+=+=+=+=+=+=+=+=+=+=
 Error Stamp: [313239373835383931332e3338] 
 Error Level: [ERROR] 
 Remote Host: [ca.guimpo.com] 
 Remote URI: [/categoria_list.php] 
 Request Method: [GET] 
 GET Variables: [pag=1] 
 Timestamp: [16/02/2011 13:21:53] 
 IP user: [127.0.0.1] 
 Error Message: [UNDEFINED (edit) IN THE FILE (/Applications/MAMP/htdocs/GuimpoPHP/generic/lng_ca/defines.php.lng).] 
=+=+=+=+=+=+=+=+=+=+=+=+=+=+=+=+=+=+=+=+=+=+=+=+=
 Error Stamp: [313239373835383931332e3338] 
 Error Level: [ERROR] 
 Remote Host: [ca.guimpo.com] 
 Remote URI: [/categoria_list.php] 
 Request Method: [GET] 
 GET Variables: [pag=1] 
 Timestamp: [16/02/2011 13:21:53] 
 IP user: [127.0.0.1] 
 Error Message: [UNDEFINED (confirm_delete) IN THE FILE (/Applications/MAMP/htdocs/GuimpoPHP/generic/lng_ca/defines.php.lng).] 
=+=+=+=+=+=+=+=+=+=+=+=+=+=+=+=+=+=+=+=+=+=+=+=+=
 Error Stamp: [313239373835383931332e3338] 
 Error Level: [ERROR] 
 Remote Host: [ca.guimpo.com] 
 Remote URI: [/categoria_list.php] 
 Request Method: [GET] 
 GET Variables: [pag=1] 
 Timestamp: [16/02/2011 13:21:53] 
 IP user: [127.0.0.1] 
 Error Message: [UNDEFINED (delete) IN THE FILE (/Applications/MAMP/htdocs/GuimpoPHP/generic/lng_ca/defines.php.lng).] 
=+=+=+=+=+=+=+=+=+=+=+=+=+=+=+=+=+=+=+=+=+=+=+=+=
 Error Stamp: [313239373835383931332e3338] 
 Error Level: [ERROR] 
 Remote Host: [ca.guimpo.com] 
 Remote URI: [/categoria_list.php] 
 Request Method: [GET] 
 GET Variables: [pag=1] 
 Timestamp: [16/02/2011 13:21:53] 
 IP user: [127.0.0.1] 
 Error Message: [UNDEFINED (new_item) IN THE FILE (/Applications/MAMP/htdocs/GuimpoPHP/generic/lng_ca/defines.php.lng).] 
=+=+=+=+=+=+=+=+=+=+=+=+=+=+=+=+=+=+=+=+=+=+=+=+=
 Error Stamp: [313239373835383931352e33] 
 Error Level: [ERROR] 
 Remote Host: [en.guimpo.com] 
 Remote URI: [/categoria_list.php] 
 Request Method: [GET] 
 GET Variables: [pag=1] 
 Timestamp: [16/02/2011 13:21:55] 
 IP user: [127.0.0.1] 
 Error Message: [UNDEFINED (list_of) IN THE FILE (/Applications/MAMP/htdocs/GuimpoPHP/generic/lng_en/defines.php.lng).] 
=+=+=+=+=+=+=+=+=+=+=+=+=+=+=+=+=+=+=+=+=+=+=+=+=
 Error Stamp: [313239373835383931352e33] 
 Error Level: [ERROR] 
 Remote Host: [en.guimpo.com] 
 Remote URI: [/categoria_list.php] 
 Request Method: [GET] 
 GET Variables: [pag=1] 
 Timestamp: [16/02/2011 13:21:55] 
 IP user: [127.0.0.1] 
 Error Message: [UNDEFINED (options) IN THE FILE (/Applications/MAMP/htdocs/GuimpoPHP/generic/lng_en/defines.php.lng).] 
=+=+=+=+=+=+=+=+=+=+=+=+=+=+=+=+=+=+=+=+=+=+=+=+=
 Error Stamp: [313239373835383931352e33] 
 Error Level: [ERROR] 
 Remote Host: [en.guimpo.com] 
 Remote URI: [/categoria_list.php] 
 Request Method: [GET] 
 GET Variables: [pag=1] 
 Timestamp: [16/02/2011 13:21:55] 
 IP user: [127.0.0.1] 
 Error Message: [UNDEFINED (view) IN THE FILE (/Applications/MAMP/htdocs/GuimpoPHP/generic/lng_en/defines.php.lng).] 
=+=+=+=+=+=+=+=+=+=+=+=+=+=+=+=+=+=+=+=+=+=+=+=+=
 Error Stamp: [313239373835383931352e33] 
 Error Level: [ERROR] 
 Remote Host: [en.guimpo.com] 
 Remote URI: [/categoria_list.php] 
 Request Method: [GET] 
 GET Variables: [pag=1] 
 Timestamp: [16/02/2011 13:21:55] 
 IP user: [127.0.0.1] 
 Error Message: [UNDEFINED (edit) IN THE FILE (/Applications/MAMP/htdocs/GuimpoPHP/generic/lng_en/defines.php.lng).] 
=+=+=+=+=+=+=+=+=+=+=+=+=+=+=+=+=+=+=+=+=+=+=+=+=
 Error Stamp: [313239373835383931352e33] 
 Error Level: [ERROR] 
 Remote Host: [en.guimpo.com] 
 Remote URI: [/categoria_list.php] 
 Request Method: [GET] 
 GET Variables: [pag=1] 
 Timestamp: [16/02/2011 13:21:55] 
 IP user: [127.0.0.1] 
 Error Message: [UNDEFINED (confirm_delete) IN THE FILE (/Applications/MAMP/htdocs/GuimpoPHP/generic/lng_en/defines.php.lng).] 
=+=+=+=+=+=+=+=+=+=+=+=+=+=+=+=+=+=+=+=+=+=+=+=+=
 Error Stamp: [313239373835383931352e33] 
 Error Level: [ERROR] 
 Remote Host: [en.guimpo.com] 
 Remote URI: [/categoria_list.php] 
 Request Method: [GET] 
 GET Variables: [pag=1] 
 Timestamp: [16/02/2011 13:21:55] 
 IP user: [127.0.0.1] 
 Error Message: [UNDEFINED (delete) IN THE FILE (/Applications/MAMP/htdocs/GuimpoPHP/generic/lng_en/defines.php.lng).] 
=+=+=+=+=+=+=+=+=+=+=+=+=+=+=+=+=+=+=+=+=+=+=+=+=
 Error Stamp: [313239373835383931352e33] 
 Error Level: [ERROR] 
 Remote Host: [en.guimpo.com] 
 Remote URI: [/categoria_list.php] 
 Request Method: [GET] 
 GET Variables: [pag=1] 
 Timestamp: [16/02/2011 13:21:55] 
 IP user: [127.0.0.1] 
 Error Message: [UNDEFINED (new_item) IN THE FILE (/Applications/MAMP/htdocs/GuimpoPHP/generic/lng_en/defines.php.lng).] 
=+=+=+=+=+=+=+=+=+=+=+=+=+=+=+=+=+=+=+=+=+=+=+=+=
 Error Stamp: [313239373835383932342e3039] 
 Error Level: [ERROR] 
 Remote Host: [ca.guimpo.com] 
 Remote URI: [/categoria.php] 
 Request Method: [GET] 
 GET Variables: [stripped=asjkdfl] 
 Timestamp: [16/02/2011 13:22:04] 
 IP user: [127.0.0.1] 
 Error Message: [UNDEFINED (return) IN THE FILE (/Applications/MAMP/htdocs/GuimpoPHP/generic/lng_ca/defines.php.lng).] 
=+=+=+=+=+=+=+=+=+=+=+=+=+=+=+=+=+=+=+=+=+=+=+=+=
 Error Stamp: [313239373835383932352e3337] 
 Error Level: [ERROR] 
 Remote Host: [en.guimpo.com] 
 Remote URI: [/categoria.php] 
 Request Method: [GET] 
 GET Variables: [stripped=asjkdfl] 
 Timestamp: [16/02/2011 13:22:05] 
 IP user: [127.0.0.1] 
 Error Message: [UNDEFINED (return) IN THE FILE (/Applications/MAMP/htdocs/GuimpoPHP/generic/lng_en/defines.php.lng).] 
=+=+=+=+=+=+=+=+=+=+=+=+=+=+=+=+=+=+=+=+=+=+=+=+=
 Error Stamp: [313239373835393838312e3037] 
 Error Level: [ERROR] 
 Remote Host: [ca.guimpo.com] 
 Remote URI: [/categoria_list.php] 
 Request Method: [GET] 
 GET Variables: [pag=1] 
 Timestamp: [16/02/2011 13:38:01] 
 IP user: [127.0.0.1] 
 Error Message: [UNDEFINED (list_of) IN THE FILE (/Applications/MAMP/htdocs/GuimpoPHP/generic/lng_ca/defines.php.lng).] 
=+=+=+=+=+=+=+=+=+=+=+=+=+=+=+=+=+=+=+=+=+=+=+=+=
 Error Stamp: [313239373835393838312e3037] 
 Error Level: [ERROR] 
 Remote Host: [ca.guimpo.com] 
 Remote URI: [/categoria_list.php] 
 Request Method: [GET] 
 GET Variables: [pag=1] 
 Timestamp: [16/02/2011 13:38:01] 
 IP user: [127.0.0.1] 
 Error Message: [UNDEFINED (options) IN THE FILE (/Applications/MAMP/htdocs/GuimpoPHP/generic/lng_ca/defines.php.lng).] 
=+=+=+=+=+=+=+=+=+=+=+=+=+=+=+=+=+=+=+=+=+=+=+=+=
 Error Stamp: [313239373835393838312e3037] 
 Error Level: [ERROR] 
 Remote Host: [ca.guimpo.com] 
 Remote URI: [/categoria_list.php] 
 Request Method: [GET] 
 GET Variables: [pag=1] 
 Timestamp: [16/02/2011 13:38:01] 
 IP user: [127.0.0.1] 
 Error Message: [UNDEFINED (view) IN THE FILE (/Applications/MAMP/htdocs/GuimpoPHP/generic/lng_ca/defines.php.lng).] 
=+=+=+=+=+=+=+=+=+=+=+=+=+=+=+=+=+=+=+=+=+=+=+=+=
 Error Stamp: [313239373835393838312e3037] 
 Error Level: [ERROR] 
 Remote Host: [ca.guimpo.com] 
 Remote URI: [/categoria_list.php] 
 Request Method: [GET] 
 GET Variables: [pag=1] 
 Timestamp: [16/02/2011 13:38:01] 
 IP user: [127.0.0.1] 
 Error Message: [UNDEFINED (edit) IN THE FILE (/Applications/MAMP/htdocs/GuimpoPHP/generic/lng_ca/defines.php.lng).] 
=+=+=+=+=+=+=+=+=+=+=+=+=+=+=+=+=+=+=+=+=+=+=+=+=
 Error Stamp: [313239373835393838312e3038] 
 Error Level: [ERROR] 
 Remote Host: [ca.guimpo.com] 
 Remote URI: [/categoria_list.php] 
 Request Method: [GET] 
 GET Variables: [pag=1] 
 Timestamp: [16/02/2011 13:38:01] 
 IP user: [127.0.0.1] 
 Error Message: [UNDEFINED (confirm_delete) IN THE FILE (/Applications/MAMP/htdocs/GuimpoPHP/generic/lng_ca/defines.php.lng).] 
=+=+=+=+=+=+=+=+=+=+=+=+=+=+=+=+=+=+=+=+=+=+=+=+=
 Error Stamp: [313239373835393838312e3038] 
 Error Level: [ERROR] 
 Remote Host: [ca.guimpo.com] 
 Remote URI: [/categoria_list.php] 
 Request Method: [GET] 
 GET Variables: [pag=1] 
 Timestamp: [16/02/2011 13:38:01] 
 IP user: [127.0.0.1] 
 Error Message: [UNDEFINED (delete) IN THE FILE (/Applications/MAMP/htdocs/GuimpoPHP/generic/lng_ca/defines.php.lng).] 
=+=+=+=+=+=+=+=+=+=+=+=+=+=+=+=+=+=+=+=+=+=+=+=+=
 Error Stamp: [313239373835393838312e3038] 
 Error Level: [ERROR] 
 Remote Host: [ca.guimpo.com] 
 Remote URI: [/categoria_list.php] 
 Request Method: [GET] 
 GET Variables: [pag=1] 
 Timestamp: [16/02/2011 13:38:01] 
 IP user: [127.0.0.1] 
 Error Message: [UNDEFINED (new_item) IN THE FILE (/Applications/MAMP/htdocs/GuimpoPHP/generic/lng_ca/defines.php.lng).] 
=+=+=+=+=+=+=+=+=+=+=+=+=+=+=+=+=+=+=+=+=+=+=+=+=
 Error Stamp: [313239373835393838362e3534] 
 Error Level: [ERROR] 
 Remote Host: [en.guimpo.com] 
 Remote URI: [/categoria_list.php] 
 Request Method: [GET] 
 GET Variables: [pag=1] 
 Timestamp: [16/02/2011 13:38:06] 
 IP user: [127.0.0.1] 
 Error Message: [UNDEFINED (list_of) IN THE FILE (/Applications/MAMP/htdocs/GuimpoPHP/generic/lng_en/defines.php.lng).] 
=+=+=+=+=+=+=+=+=+=+=+=+=+=+=+=+=+=+=+=+=+=+=+=+=
 Error Stamp: [313239373835393838362e3534] 
 Error Level: [ERROR] 
 Remote Host: [en.guimpo.com] 
 Remote URI: [/categoria_list.php] 
 Request Method: [GET] 
 GET Variables: [pag=1] 
 Timestamp: [16/02/2011 13:38:06] 
 IP user: [127.0.0.1] 
 Error Message: [UNDEFINED (options) IN THE FILE (/Applications/MAMP/htdocs/GuimpoPHP/generic/lng_en/defines.php.lng).] 
=+=+=+=+=+=+=+=+=+=+=+=+=+=+=+=+=+=+=+=+=+=+=+=+=
 Error Stamp: [313239373835393838362e3534] 
 Error Level: [ERROR] 
 Remote Host: [en.guimpo.com] 
 Remote URI: [/categoria_list.php] 
 Request Method: [GET] 
 GET Variables: [pag=1] 
 Timestamp: [16/02/2011 13:38:06] 
 IP user: [127.0.0.1] 
 Error Message: [UNDEFINED (view) IN THE FILE (/Applications/MAMP/htdocs/GuimpoPHP/generic/lng_en/defines.php.lng).] 
=+=+=+=+=+=+=+=+=+=+=+=+=+=+=+=+=+=+=+=+=+=+=+=+=
 Error Stamp: [313239373835393838362e3534] 
 Error Level: [ERROR] 
 Remote Host: [en.guimpo.com] 
 Remote URI: [/categoria_list.php] 
 Request Method: [GET] 
 GET Variables: [pag=1] 
 Timestamp: [16/02/2011 13:38:06] 
 IP user: [127.0.0.1] 
 Error Message: [UNDEFINED (edit) IN THE FILE (/Applications/MAMP/htdocs/GuimpoPHP/generic/lng_en/defines.php.lng).] 
=+=+=+=+=+=+=+=+=+=+=+=+=+=+=+=+=+=+=+=+=+=+=+=+=
 Error Stamp: [313239373835393838362e3534] 
 Error Level: [ERROR] 
 Remote Host: [en.guimpo.com] 
 Remote URI: [/categoria_list.php] 
 Request Method: [GET] 
 GET Variables: [pag=1] 
 Timestamp: [16/02/2011 13:38:06] 
 IP user: [127.0.0.1] 
 Error Message: [UNDEFINED (confirm_delete) IN THE FILE (/Applications/MAMP/htdocs/GuimpoPHP/generic/lng_en/defines.php.lng).] 
=+=+=+=+=+=+=+=+=+=+=+=+=+=+=+=+=+=+=+=+=+=+=+=+=
 Error Stamp: [313239373835393838362e3534] 
 Error Level: [ERROR] 
 Remote Host: [en.guimpo.com] 
 Remote URI: [/categoria_list.php] 
 Request Method: [GET] 
 GET Variables: [pag=1] 
 Timestamp: [16/02/2011 13:38:06] 
 IP user: [127.0.0.1] 
 Error Message: [UNDEFINED (delete) IN THE FILE (/Applications/MAMP/htdocs/GuimpoPHP/generic/lng_en/defines.php.lng).] 
=+=+=+=+=+=+=+=+=+=+=+=+=+=+=+=+=+=+=+=+=+=+=+=+=
 Error Stamp: [313239373835393838362e3534] 
 Error Level: [ERROR] 
 Remote Host: [en.guimpo.com] 
 Remote URI: [/categoria_list.php] 
 Request Method: [GET] 
 GET Variables: [pag=1] 
 Timestamp: [16/02/2011 13:38:06] 
 IP user: [127.0.0.1] 
 Error Message: [UNDEFINED (new_item) IN THE FILE (/Applications/MAMP/htdocs/GuimpoPHP/generic/lng_en/defines.php.lng).] 
=+=+=+=+=+=+=+=+=+=+=+=+=+=+=+=+=+=+=+=+=+=+=+=+=
 Error Stamp: [313239373835393839382e3834] 
 Error Level: [ERROR] 
 Remote Host: [en.guimpo.com] 
 Remote URI: [/categoria.php] 
 Request Method: [GET] 
 GET Variables: [stripped=dflasndf] 
 Timestamp: [16/02/2011 13:38:18] 
 IP user: [127.0.0.1] 
 Error Message: [UNDEFINED (return) IN THE FILE (/Applications/MAMP/htdocs/GuimpoPHP/generic/lng_en/defines.php.lng).] 
=+=+=+=+=+=+=+=+=+=+=+=+=+=+=+=+=+=+=+=+=+=+=+=+=
 Error Stamp: [313239373835393930352e33] 
 Error Level: [ERROR] 
 Remote Host: [en.guimpo.com] 
 Remote URI: [/categoria.php] 
 Request Method: [GET] 
 GET Variables: [stripped=dflasndf] 
 Timestamp: [16/02/2011 13:38:25] 
 IP user: [127.0.0.1] 
 Error Message: [UNDEFINED (return) IN THE FILE (/Applications/MAMP/htdocs/GuimpoPHP/generic/lng_en/defines.php.lng).] 
=+=+=+=+=+=+=+=+=+=+=+=+=+=+=+=+=+=+=+=+=+=+=+=+=
 Error Stamp: [313239373835393930382e3337] 
 Error Level: [ERROR] 
 Remote Host: [en.guimpo.com] 
 Remote URI: [/categoria_list.php] 
 Request Method: [GET] 
 GET Variables: [pag=1] 
 Timestamp: [16/02/2011 13:38:28] 
 IP user: [127.0.0.1] 
 Error Message: [UNDEFINED (list_of) IN THE FILE (/Applications/MAMP/htdocs/GuimpoPHP/generic/lng_en/defines.php.lng).] 
=+=+=+=+=+=+=+=+=+=+=+=+=+=+=+=+=+=+=+=+=+=+=+=+=
 Error Stamp: [313239373835393930382e3337] 
 Error Level: [ERROR] 
 Remote Host: [en.guimpo.com] 
 Remote URI: [/categoria_list.php] 
 Request Method: [GET] 
 GET Variables: [pag=1] 
 Timestamp: [16/02/2011 13:38:28] 
 IP user: [127.0.0.1] 
 Error Message: [UNDEFINED (options) IN THE FILE (/Applications/MAMP/htdocs/GuimpoPHP/generic/lng_en/defines.php.lng).] 
=+=+=+=+=+=+=+=+=+=+=+=+=+=+=+=+=+=+=+=+=+=+=+=+=
 Error Stamp: [313239373835393930382e3337] 
 Error Level: [ERROR] 
 Remote Host: [en.guimpo.com] 
 Remote URI: [/categoria_list.php] 
 Request Method: [GET] 
 GET Variables: [pag=1] 
 Timestamp: [16/02/2011 13:38:28] 
 IP user: [127.0.0.1] 
 Error Message: [UNDEFINED (view) IN THE FILE (/Applications/MAMP/htdocs/GuimpoPHP/generic/lng_en/defines.php.lng).] 
=+=+=+=+=+=+=+=+=+=+=+=+=+=+=+=+=+=+=+=+=+=+=+=+=
 Error Stamp: [313239373835393930382e3337] 
 Error Level: [ERROR] 
 Remote Host: [en.guimpo.com] 
 Remote URI: [/categoria_list.php] 
 Request Method: [GET] 
 GET Variables: [pag=1] 
 Timestamp: [16/02/2011 13:38:28] 
 IP user: [127.0.0.1] 
 Error Message: [UNDEFINED (edit) IN THE FILE (/Applications/MAMP/htdocs/GuimpoPHP/generic/lng_en/defines.php.lng).] 
=+=+=+=+=+=+=+=+=+=+=+=+=+=+=+=+=+=+=+=+=+=+=+=+=
 Error Stamp: [313239373835393930382e3337] 
 Error Level: [ERROR] 
 Remote Host: [en.guimpo.com] 
 Remote URI: [/categoria_list.php] 
 Request Method: [GET] 
 GET Variables: [pag=1] 
 Timestamp: [16/02/2011 13:38:28] 
 IP user: [127.0.0.1] 
 Error Message: [UNDEFINED (confirm_delete) IN THE FILE (/Applications/MAMP/htdocs/GuimpoPHP/generic/lng_en/defines.php.lng).] 
=+=+=+=+=+=+=+=+=+=+=+=+=+=+=+=+=+=+=+=+=+=+=+=+=
 Error Stamp: [313239373835393930382e3337] 
 Error Level: [ERROR] 
 Remote Host: [en.guimpo.com] 
 Remote URI: [/categoria_list.php] 
 Request Method: [GET] 
 GET Variables: [pag=1] 
 Timestamp: [16/02/2011 13:38:28] 
 IP user: [127.0.0.1] 
 Error Message: [UNDEFINED (delete) IN THE FILE (/Applications/MAMP/htdocs/GuimpoPHP/generic/lng_en/defines.php.lng).] 
=+=+=+=+=+=+=+=+=+=+=+=+=+=+=+=+=+=+=+=+=+=+=+=+=
 Error Stamp: [313239373835393930382e3337] 
 Error Level: [ERROR] 
 Remote Host: [en.guimpo.com] 
 Remote URI: [/categoria_list.php] 
 Request Method: [GET] 
 GET Variables: [pag=1] 
 Timestamp: [16/02/2011 13:38:28] 
 IP user: [127.0.0.1] 
 Error Message: [UNDEFINED (new_item) IN THE FILE (/Applications/MAMP/htdocs/GuimpoPHP/generic/lng_en/defines.php.lng).] 
=+=+=+=+=+=+=+=+=+=+=+=+=+=+=+=+=+=+=+=+=+=+=+=+=
 Error Stamp: [313239373836303439362e3739] 
 Error Level: [ERROR] 
 Remote Host: [www.guimpo.com] 
 Remote URI: [/admin/categoria_edit.php] 
 Request Method: [POST] 
 POST Variables: [cformcategoria_name=fsdfsdf&cformcategoria_item_id=1&ts=dbb8494487289ff41e61a9dd14b15dc4&cformcategoria_submit=Enviar] 
 Timestamp: [16/02/2011 13:48:16] 
 IP user: [127.0.0.1] 
 Error Message: [Error al subir la foto en la ruta /Applications/MAMP/htdocs/GuimpoPHP/img/uploads/categoria/.] 
=+=+=+=+=+=+=+=+=+=+=+=+=+=+=+=+=+=+=+=+=+=+=+=+=
 Error Stamp: [313239373836303439362e3739] 
 Error Level: [ERROR] 
 Remote Host: [www.guimpo.com] 
 Remote URI: [/admin/categoria_edit.php] 
 Request Method: [POST] 
 POST Variables: [cformcategoria_name=fsdfsdf&cformcategoria_item_id=1&ts=dbb8494487289ff41e61a9dd14b15dc4&cformcategoria_submit=Enviar] 
 Timestamp: [16/02/2011 13:48:16] 
 IP user: [127.0.0.1] 
 Error Message: [Error al subir la foto en la ruta /Applications/MAMP/htdocs/GuimpoPHP/img/uploads/categoria/.] 
=+=+=+=+=+=+=+=+=+=+=+=+=+=+=+=+=+=+=+=+=+=+=+=+=
 Error Stamp: [313239373836303439362e3739] 
 Error Level: [ERROR] 
 Remote Host: [www.guimpo.com] 
 Remote URI: [/admin/categoria_edit.php] 
 Request Method: [POST] 
 POST Variables: [cformcategoria_name=fsdfsdf&cformcategoria_item_id=1&ts=dbb8494487289ff41e61a9dd14b15dc4&cformcategoria_submit=Enviar] 
 Timestamp: [16/02/2011 13:48:16] 
 IP user: [127.0.0.1] 
 Error Message: [Error al subir la foto en la ruta /Applications/MAMP/htdocs/GuimpoPHP/img/uploads/categoria/.] 
=+=+=+=+=+=+=+=+=+=+=+=+=+=+=+=+=+=+=+=+=+=+=+=+=
 Error Stamp: [313239373836303533362e3632] 
 Error Level: [ERROR] 
 Remote Host: [www.guimpo.com] 
 Remote URI: [/admin/categoria_edit.php] 
 Request Method: [POST] 
 POST Variables: [cformcategoria_name=fsdfsdf&cformcategoria_item_id=1&ts=dbb8494487289ff41e61a9dd14b15dc4&cformcategoria_submit=Enviar] 
 Timestamp: [16/02/2011 13:48:56] 
 IP user: [127.0.0.1] 
 Error Message: [Error al subir la foto en la ruta /Applications/MAMP/htdocs/GuimpoPHP/img/uploads/categoria/tarotgratis.pdf] 
=+=+=+=+=+=+=+=+=+=+=+=+=+=+=+=+=+=+=+=+=+=+=+=+=
 Error Stamp: [313239373836303533362e3632] 
 Error Level: [ERROR] 
 Remote Host: [www.guimpo.com] 
 Remote URI: [/admin/categoria_edit.php] 
 Request Method: [POST] 
 POST Variables: [cformcategoria_name=fsdfsdf&cformcategoria_item_id=1&ts=dbb8494487289ff41e61a9dd14b15dc4&cformcategoria_submit=Enviar] 
 Timestamp: [16/02/2011 13:48:56] 
 IP user: [127.0.0.1] 
 Error Message: [Error al subir la foto en la ruta /Applications/MAMP/htdocs/GuimpoPHP/img/uploads/categoria/.] 
=+=+=+=+=+=+=+=+=+=+=+=+=+=+=+=+=+=+=+=+=+=+=+=+=
 Error Stamp: [313239373836303533362e3632] 
 Error Level: [ERROR] 
 Remote Host: [www.guimpo.com] 
 Remote URI: [/admin/categoria_edit.php] 
 Request Method: [POST] 
 POST Variables: [cformcategoria_name=fsdfsdf&cformcategoria_item_id=1&ts=dbb8494487289ff41e61a9dd14b15dc4&cformcategoria_submit=Enviar] 
 Timestamp: [16/02/2011 13:48:56] 
 IP user: [127.0.0.1] 
 Error Message: [Error al subir la foto en la ruta /Applications/MAMP/htdocs/GuimpoPHP/img/uploads/categoria/.] 
=+=+=+=+=+=+=+=+=+=+=+=+=+=+=+=+=+=+=+=+=+=+=+=+=
 Error Stamp: [313239373836303730332e3834] 
 Error Level: [ERROR] 
 Remote Host: [en.guimpo.com] 
 Remote URI: [/categoria_list.php] 
 Request Method: [GET] 
 GET Variables: [pag=1] 
 Timestamp: [16/02/2011 13:51:43] 
 IP user: [127.0.0.1] 
 Error Message: [UNDEFINED (list_of) IN THE FILE (/Applications/MAMP/htdocs/GuimpoPHP/generic/lng_en/defines.php.lng).] 
=+=+=+=+=+=+=+=+=+=+=+=+=+=+=+=+=+=+=+=+=+=+=+=+=
 Error Stamp: [313239373836303730332e3834] 
 Error Level: [ERROR] 
 Remote Host: [en.guimpo.com] 
 Remote URI: [/categoria_list.php] 
 Request Method: [GET] 
 GET Variables: [pag=1] 
 Timestamp: [16/02/2011 13:51:43] 
 IP user: [127.0.0.1] 
 Error Message: [UNDEFINED (no_items) IN THE FILE (/Applications/MAMP/htdocs/GuimpoPHP/generic/lng_en/defines.php.lng).] 
=+=+=+=+=+=+=+=+=+=+=+=+=+=+=+=+=+=+=+=+=+=+=+=+=
 Error Stamp: [313239373836303730332e3834] 
 Error Level: [ERROR] 
 Remote Host: [en.guimpo.com] 
 Remote URI: [/categoria_list.php] 
 Request Method: [GET] 
 GET Variables: [pag=1] 
 Timestamp: [16/02/2011 13:51:43] 
 IP user: [127.0.0.1] 
 Error Message: [UNDEFINED (new_item) IN THE FILE (/Applications/MAMP/htdocs/GuimpoPHP/generic/lng_en/defines.php.lng).] 
=+=+=+=+=+=+=+=+=+=+=+=+=+=+=+=+=+=+=+=+=+=+=+=+=
 Error Stamp: [313239373836363238322e3933] 
 Error Level: [ERROR] 
 Remote Host: [en.guimpo.com] 
 Remote URI: [/admin/categoria_list.php] 
 Request Method: [GET] 
 GET Variables: [pag=1] 
 Timestamp: [16/02/2011 15:24:42] 
 IP user: [127.0.0.1] 
 Error Message: [UNDEFINED (list_of) IN THE FILE (/Applications/MAMP/htdocs/GuimpoPHP/generic/lng_en/defines.php.lng).] 
=+=+=+=+=+=+=+=+=+=+=+=+=+=+=+=+=+=+=+=+=+=+=+=+=
 Error Stamp: [313239373836363238322e3934] 
 Error Level: [ERROR] 
 Remote Host: [en.guimpo.com] 
 Remote URI: [/admin/categoria_list.php] 
 Request Method: [GET] 
 GET Variables: [pag=1] 
 Timestamp: [16/02/2011 15:24:42] 
 IP user: [127.0.0.1] 
 Error Message: [UNDEFINED (no_items) IN THE FILE (/Applications/MAMP/htdocs/GuimpoPHP/generic/lng_en/defines.php.lng).] 
=+=+=+=+=+=+=+=+=+=+=+=+=+=+=+=+=+=+=+=+=+=+=+=+=
 Error Stamp: [313239373836363238322e3934] 
 Error Level: [ERROR] 
 Remote Host: [en.guimpo.com] 
 Remote URI: [/admin/categoria_list.php] 
 Request Method: [GET] 
 GET Variables: [pag=1] 
 Timestamp: [16/02/2011 15:24:42] 
 IP user: [127.0.0.1] 
 Error Message: [UNDEFINED (new_item) IN THE FILE (/Applications/MAMP/htdocs/GuimpoPHP/generic/lng_en/defines.php.lng).] 
=+=+=+=+=+=+=+=+=+=+=+=+=+=+=+=+=+=+=+=+=+=+=+=+=
 Error Stamp: [313239373836363731332e3439] 
 Error Level: [ERROR] 
 Remote Host: [www.guimpo.com] 
 Remote URI: [/admin/categoria_edit.php] 
 Request Method: [POST] 
 POST Variables: [cformcategoria_name=fdsfdsf&cformcategoria_item_id=1&ts=dbb8494487289ff41e61a9dd14b15dc4&cformcategoria_submit=Enviar] 
 Timestamp: [16/02/2011 15:31:53] 
 IP user: [127.0.0.1] 
 Error Message: [Error al subir la foto en la ruta /Applications/MAMP/htdocs/GuimpoPHP/img/uploads/categoria/.] 
=+=+=+=+=+=+=+=+=+=+=+=+=+=+=+=+=+=+=+=+=+=+=+=+=
