 Error Stamp: [313239363830383735382e3936] 
 Error Level: [ALERT] 
 Remote Host: [www.guimpo.com] 
 Remote URI: [/admin/categoria_create.php] 
 Request Method: [POST] 
 POST Variables: [cformcategoria_name=ekjr&cformcategoria_descripcion_es=fkasdfl&cformcategoria_descripcion_ca=kfdsaf&cformcategoria_descripcion_en=dsklf&ts=5310dfdfa6d387c69d2ea6bb5961af78c606&cformcategoria_submit=Enviar] 
 Timestamp: [04/02/2011 09:39:18] 
 IP user: [127.0.0.1] 
 Error Message: [Intento de CSRF en 'categoria_create.php'. TOKEN valid = '5310a6d387c69d2ea6bb5961af78c606'. USERNAME:'isanchez'] 
=+=+=+=+=+=+=+=+=+=+=+=+=+=+=+=+=+=+=+=+=+=+=+=+=
 Error Stamp: [313239363830393132342e34] 
 Error Level: [ALERT] 
 Remote Host: [www.guimpo.com] 
 Remote URI: [/admin/categoria_create.php] 
 Request Method: [POST] 
 POST Variables: [cformcategoria_name=dfsafd&cformcategoria_descripcion_es=&cformcategoria_descripcion_ca=&cformcategoria_descripcion_en=&ts=5310a6dfsdfdfd387c69d2ea6bb5961af78c606&cformcategoria_submit=Enviar] 
 Timestamp: [04/02/2011 09:45:24] 
 IP user: [127.0.0.1] 
 Error Message: [Intento de CSRF en 'categoria_create.php'. TOKEN valid = '5310a6d387c69d2ea6bb5961af78c606'. USERNAME:'isanchez'] 
=+=+=+=+=+=+=+=+=+=+=+=+=+=+=+=+=+=+=+=+=+=+=+=+=
 Error Stamp: [313239363830393333302e35] 
 Error Level: [ALERT] 
 Remote Host: [www.guimpo.com] 
 Remote URI: [/admin/categoria_create.php] 
 Request Method: [POST] 
 POST Variables: [cformcategoria_name=fsadfasdf&cformcategoria_descripcion_es=&cformcategoria_descripcion_ca=&cformcategoria_descripcion_en=&ts=5310a6d387c69d2eafsdasdfasd6bb5961af78c606&cformcategoria_submit=Enviar] 
 Timestamp: [04/02/2011 09:48:50] 
 IP user: [127.0.0.1] 
 Error Message: [Intento de CSRF en 'categoria_create.php'. TOKEN valid = '5310a6d387c69d2ea6bb5961af78c606'. USERNAME:'isanchez'] 
=+=+=+=+=+=+=+=+=+=+=+=+=+=+=+=+=+=+=+=+=+=+=+=+=
 Error Stamp: [313239363830393430322e36] 
 Error Level: [ALERT] 
 Remote Host: [www.guimpo.com] 
 Remote URI: [/admin/categoria_create.php] 
 Request Method: [POST] 
 POST Variables: [cformcategoria_name=dfasdf&cformcategoria_descripcion_es=&cformcategoria_descripcion_ca=&cformcategoria_descripcion_en=&ts=dffdsas&cformcategoria_submit=Enviar] 
 Timestamp: [04/02/2011 09:50:02] 
 IP user: [127.0.0.1] 
 Error Message: [Intento de CSRF en 'categoria_create.php'. TOKEN valid = '5310a6d387c69d2ea6bb5961af78c606'. USERNAME:'isanchez'] 
=+=+=+=+=+=+=+=+=+=+=+=+=+=+=+=+=+=+=+=+=+=+=+=+=
